0 verbose cli E:\SmartRif-coffee\app\node.exe E:\SmartRif-coffee\app\node_modules\npm\bin\npm-cli.js
1 info using npm@11.5.1
2 info using node@v24.5.0
3 silly config load:file:E:\SmartRif-coffee\app\node_modules\npm\npmrc
4 silly config load:file:E:\SmartRif-coffee\back-end\.npmrc
5 silly config load:file:C:\Users\cvalhoceima\.npmrc
6 silly config load:file:E:\SmartRif-coffee\app\etc\npmrc
7 warn Unknown global config "globalignorefile". This will stop working in the next major version of npm.
8 verbose title npm install mongoose cors dotenv
9 verbose argv "install" "mongoose" "cors" "dotenv"
10 verbose logfile logs-max:10 dir:E:\SmartRif-coffee\cache\_logs\2025-08-06T09_07_43_587Z-
11 verbose logfile E:\SmartRif-coffee\cache\_logs\2025-08-06T09_07_43_587Z-debug-0.log
12 silly logfile start cleaning logs, removing 1 files
13 silly packumentCache heap:4496293888 maxSize:1124073472 maxEntrySize:562036736
14 silly idealTree buildDeps
15 silly fetch manifest mongoose@*
16 silly packumentCache full:https://registry.npmjs.org/mongoose cache-miss
17 silly logfile done cleaning log files
18 http fetch GET 200 https://registry.npmjs.org/mongoose 1244ms (cache miss)
19 silly packumentCache full:https://registry.npmjs.org/mongoose set size:undefined disposed:false
20 silly fetch manifest cors@*
21 silly packumentCache full:https://registry.npmjs.org/cors cache-miss
22 http fetch GET 200 https://registry.npmjs.org/cors 151ms (cache miss)
23 silly packumentCache full:https://registry.npmjs.org/cors set size:undefined disposed:false
24 silly fetch manifest dotenv@*
25 silly packumentCache full:https://registry.npmjs.org/dotenv cache-miss
26 http fetch GET 200 https://registry.npmjs.org/dotenv 372ms (cache miss)
27 silly packumentCache full:https://registry.npmjs.org/dotenv set size:undefined disposed:false
28 silly placeDep ROOT cors@2.8.5 OK for: back-end@1.0.0 want: *
29 silly placeDep ROOT dotenv@17.2.1 OK for: back-end@1.0.0 want: *
30 silly placeDep ROOT mongoose@8.17.0 OK for: back-end@1.0.0 want: *
31 silly fetch manifest object-assign@^4
32 silly packumentCache full:https://registry.npmjs.org/object-assign cache-miss
33 silly fetch manifest bson@^6.10.4
34 silly packumentCache full:https://registry.npmjs.org/bson cache-miss
35 silly fetch manifest kareem@2.6.3
36 silly packumentCache full:https://registry.npmjs.org/kareem cache-miss
37 silly fetch manifest mongodb@~6.18.0
38 silly packumentCache full:https://registry.npmjs.org/mongodb cache-miss
39 silly fetch manifest mpath@0.9.0
40 silly packumentCache full:https://registry.npmjs.org/mpath cache-miss
41 silly fetch manifest mquery@5.0.0
42 silly packumentCache full:https://registry.npmjs.org/mquery cache-miss
43 silly fetch manifest sift@17.1.3
44 silly packumentCache full:https://registry.npmjs.org/sift cache-miss
45 http fetch GET 200 https://registry.npmjs.org/object-assign 176ms (cache miss)
46 silly packumentCache full:https://registry.npmjs.org/object-assign set size:undefined disposed:false
47 http fetch GET 200 https://registry.npmjs.org/kareem 384ms (cache miss)
48 silly packumentCache full:https://registry.npmjs.org/kareem set size:undefined disposed:false
49 http fetch GET 200 https://registry.npmjs.org/mpath 471ms (cache miss)
50 silly packumentCache full:https://registry.npmjs.org/mpath set size:undefined disposed:false
51 http fetch GET 200 https://registry.npmjs.org/sift 609ms (cache miss)
52 silly packumentCache full:https://registry.npmjs.org/sift set size:undefined disposed:false
53 http fetch GET 200 https://registry.npmjs.org/bson 685ms (cache miss)
54 silly packumentCache full:https://registry.npmjs.org/bson set size:undefined disposed:false
55 http fetch GET 200 https://registry.npmjs.org/mongodb 1107ms (cache miss)
56 silly packumentCache full:https://registry.npmjs.org/mongodb set size:undefined disposed:false
57 http fetch GET 200 https://registry.npmjs.org/mquery 1317ms (cache miss)
58 silly packumentCache full:https://registry.npmjs.org/mquery set size:undefined disposed:false
59 silly placeDep ROOT object-assign@4.1.1 OK for: cors@2.8.5 want: ^4
60 silly fetch manifest @aws-sdk/credential-providers@^3.188.0
61 silly packumentCache full:https://registry.npmjs.org/@aws-sdk%2fcredential-providers cache-miss
62 http fetch GET 200 https://registry.npmjs.org/@aws-sdk%2fcredential-providers 482ms (cache miss)
63 silly packumentCache full:https://registry.npmjs.org/@aws-sdk%2fcredential-providers set size:undefined disposed:false
64 silly fetch manifest @mongodb-js/zstd@^1.1.0 || ^2.0.0
65 silly packumentCache full:https://registry.npmjs.org/@mongodb-js%2fzstd cache-miss
66 http fetch GET 200 https://registry.npmjs.org/@mongodb-js%2fzstd 181ms (cache miss)
67 silly packumentCache full:https://registry.npmjs.org/@mongodb-js%2fzstd set size:undefined disposed:false
68 silly fetch manifest gcp-metadata@^5.2.0
69 silly packumentCache full:https://registry.npmjs.org/gcp-metadata cache-miss
70 http fetch GET 200 https://registry.npmjs.org/gcp-metadata 330ms (cache miss)
71 silly packumentCache full:https://registry.npmjs.org/gcp-metadata set size:undefined disposed:false
72 silly fetch manifest kerberos@^2.0.1
73 silly packumentCache full:https://registry.npmjs.org/kerberos cache-miss
74 http fetch GET 200 https://registry.npmjs.org/kerberos 755ms (cache miss)
75 silly packumentCache full:https://registry.npmjs.org/kerberos set size:undefined disposed:false
76 silly fetch manifest mongodb-client-encryption@>=6.0.0 <7
77 silly packumentCache full:https://registry.npmjs.org/mongodb-client-encryption cache-miss
78 http fetch GET 200 https://registry.npmjs.org/mongodb-client-encryption 309ms (cache miss)
79 silly packumentCache full:https://registry.npmjs.org/mongodb-client-encryption set size:undefined disposed:false
80 silly fetch manifest snappy@^7.2.2
81 silly packumentCache full:https://registry.npmjs.org/snappy cache-miss
82 http fetch GET 200 https://registry.npmjs.org/snappy 304ms (cache miss)
83 silly packumentCache full:https://registry.npmjs.org/snappy set size:undefined disposed:false
84 silly fetch manifest socks@^2.7.1
85 silly packumentCache full:https://registry.npmjs.org/socks cache-miss
86 http fetch GET 200 https://registry.npmjs.org/socks 775ms (cache miss)
87 silly packumentCache full:https://registry.npmjs.org/socks set size:undefined disposed:false
88 silly placeDep ROOT bson@6.10.4 OK for: mongoose@8.17.0 want: ^6.10.4
89 silly placeDep ROOT kareem@2.6.3 OK for: mongoose@8.17.0 want: 2.6.3
90 silly placeDep ROOT mongodb@6.18.0 OK for: mongoose@8.17.0 want: ~6.18.0
91 silly placeDep ROOT mpath@0.9.0 OK for: mongoose@8.17.0 want: 0.9.0
92 silly placeDep ROOT mquery@5.0.0 OK for: mongoose@8.17.0 want: 5.0.0
93 silly placeDep ROOT sift@17.1.3 OK for: mongoose@8.17.0 want: 17.1.3
94 silly fetch manifest @mongodb-js/saslprep@^1.1.9
95 silly packumentCache full:https://registry.npmjs.org/@mongodb-js%2fsaslprep cache-miss
96 silly fetch manifest mongodb-connection-string-url@^3.0.0
97 silly packumentCache full:https://registry.npmjs.org/mongodb-connection-string-url cache-miss
98 http fetch GET 200 https://registry.npmjs.org/mongodb-connection-string-url 135ms (cache miss)
99 silly packumentCache full:https://registry.npmjs.org/mongodb-connection-string-url set size:undefined disposed:false
100 http fetch GET 200 https://registry.npmjs.org/@mongodb-js%2fsaslprep 187ms (cache miss)
101 silly packumentCache full:https://registry.npmjs.org/@mongodb-js%2fsaslprep set size:undefined disposed:false
102 silly placeDep ROOT @mongodb-js/saslprep@1.3.0 OK for: mongodb@6.18.0 want: ^1.1.9
103 silly placeDep ROOT mongodb-connection-string-url@3.0.2 OK for: mongodb@6.18.0 want: ^3.0.0
104 silly fetch manifest sparse-bitfield@^3.0.3
105 silly packumentCache full:https://registry.npmjs.org/sparse-bitfield cache-miss
106 silly fetch manifest whatwg-url@^14.1.0 || ^13.0.0
107 silly packumentCache full:https://registry.npmjs.org/whatwg-url cache-miss
108 silly fetch manifest @types/whatwg-url@^11.0.2
109 silly packumentCache full:https://registry.npmjs.org/@types%2fwhatwg-url cache-miss
110 http fetch GET 200 https://registry.npmjs.org/sparse-bitfield 136ms (cache miss)
111 silly packumentCache full:https://registry.npmjs.org/sparse-bitfield set size:undefined disposed:false
112 http fetch GET 200 https://registry.npmjs.org/@types%2fwhatwg-url 481ms (cache miss)
113 silly packumentCache full:https://registry.npmjs.org/@types%2fwhatwg-url set size:undefined disposed:false
114 http fetch GET 200 https://registry.npmjs.org/whatwg-url 540ms (cache miss)
115 silly packumentCache full:https://registry.npmjs.org/whatwg-url set size:undefined disposed:false
116 silly placeDep ROOT sparse-bitfield@3.0.3 OK for: @mongodb-js/saslprep@1.3.0 want: ^3.0.3
117 silly fetch manifest memory-pager@^1.0.2
118 silly packumentCache full:https://registry.npmjs.org/memory-pager cache-miss
119 http fetch GET 200 https://registry.npmjs.org/memory-pager 116ms (cache miss)
120 silly packumentCache full:https://registry.npmjs.org/memory-pager set size:undefined disposed:false
121 silly placeDep ROOT @types/whatwg-url@11.0.5 OK for: mongodb-connection-string-url@3.0.2 want: ^11.0.2
122 silly placeDep ROOT whatwg-url@14.2.0 OK for: mongodb-connection-string-url@3.0.2 want: ^14.1.0 || ^13.0.0
123 silly fetch manifest @types/webidl-conversions@*
124 silly packumentCache full:https://registry.npmjs.org/@types%2fwebidl-conversions cache-miss
125 silly fetch manifest tr46@^5.1.0
126 silly packumentCache full:https://registry.npmjs.org/tr46 cache-miss
127 silly fetch manifest webidl-conversions@^7.0.0
128 silly packumentCache full:https://registry.npmjs.org/webidl-conversions cache-miss
129 http fetch GET 200 https://registry.npmjs.org/@types%2fwebidl-conversions 144ms (cache miss)
130 silly packumentCache full:https://registry.npmjs.org/@types%2fwebidl-conversions set size:undefined disposed:false
131 http fetch GET 200 https://registry.npmjs.org/webidl-conversions 156ms (cache miss)
132 silly packumentCache full:https://registry.npmjs.org/webidl-conversions set size:undefined disposed:false
133 http fetch GET 200 https://registry.npmjs.org/tr46 165ms (cache miss)
134 silly packumentCache full:https://registry.npmjs.org/tr46 set size:undefined disposed:false
135 silly placeDep ROOT @types/webidl-conversions@7.0.3 OK for: @types/whatwg-url@11.0.5 want: *
136 silly placeDep ROOT memory-pager@1.5.0 OK for: sparse-bitfield@3.0.3 want: ^1.0.2
137 silly placeDep ROOT tr46@5.1.1 OK for: whatwg-url@14.2.0 want: ^5.1.0
138 silly placeDep ROOT webidl-conversions@7.0.0 OK for: whatwg-url@14.2.0 want: ^7.0.0
139 silly fetch manifest punycode@^2.3.1
140 silly packumentCache full:https://registry.npmjs.org/punycode cache-miss
141 http fetch GET 200 https://registry.npmjs.org/punycode 149ms (cache miss)
142 silly packumentCache full:https://registry.npmjs.org/punycode set size:undefined disposed:false
143 silly placeDep ROOT punycode@2.3.1 OK for: tr46@5.1.1 want: ^2.3.1
144 silly reify moves {}
145 silly audit bulk request {
145 silly audit   accepts: [ '2.0.0' ],
145 silly audit   'body-parser': [ '2.2.0' ],
145 silly audit   bytes: [ '3.1.2' ],
145 silly audit   'call-bind-apply-helpers': [ '1.0.2' ],
145 silly audit   'call-bound': [ '1.0.4' ],
145 silly audit   'content-disposition': [ '1.0.0' ],
145 silly audit   'content-type': [ '1.0.5' ],
145 silly audit   cookie: [ '0.7.2' ],
145 silly audit   'cookie-signature': [ '1.2.2' ],
145 silly audit   debug: [ '4.4.1' ],
145 silly audit   depd: [ '2.0.0' ],
145 silly audit   'dunder-proto': [ '1.0.1' ],
145 silly audit   'ee-first': [ '1.1.1' ],
145 silly audit   encodeurl: [ '2.0.0' ],
145 silly audit   'es-define-property': [ '1.0.1' ],
145 silly audit   'es-errors': [ '1.3.0' ],
145 silly audit   'es-object-atoms': [ '1.1.1' ],
145 silly audit   'escape-html': [ '1.0.3' ],
145 silly audit   etag: [ '1.8.1' ],
145 silly audit   express: [ '5.1.0' ],
145 silly audit   finalhandler: [ '2.1.0' ],
145 silly audit   forwarded: [ '0.2.0' ],
145 silly audit   fresh: [ '2.0.0' ],
145 silly audit   'function-bind': [ '1.1.2' ],
145 silly audit   'get-intrinsic': [ '1.3.0' ],
145 silly audit   'get-proto': [ '1.0.1' ],
145 silly audit   gopd: [ '1.2.0' ],
145 silly audit   'has-symbols': [ '1.1.0' ],
145 silly audit   hasown: [ '2.0.2' ],
145 silly audit   'http-errors': [ '2.0.0' ],
145 silly audit   statuses: [ '2.0.1', '2.0.2' ],
145 silly audit   'iconv-lite': [ '0.6.3' ],
145 silly audit   inherits: [ '2.0.4' ],
145 silly audit   'ipaddr.js': [ '1.9.1' ],
145 silly audit   'is-promise': [ '4.0.0' ],
145 silly audit   'math-intrinsics': [ '1.1.0' ],
145 silly audit   'media-typer': [ '1.1.0' ],
145 silly audit   'merge-descriptors': [ '2.0.0' ],
145 silly audit   'mime-db': [ '1.54.0' ],
145 silly audit   'mime-types': [ '3.0.1' ],
145 silly audit   ms: [ '2.1.3' ],
145 silly audit   negotiator: [ '1.0.0' ],
145 silly audit   'object-inspect': [ '1.13.4' ],
145 silly audit   'on-finished': [ '2.4.1' ],
145 silly audit   once: [ '1.4.0' ],
145 silly audit   parseurl: [ '1.3.3' ],
145 silly audit   'path-to-regexp': [ '8.2.0' ],
145 silly audit   'proxy-addr': [ '2.0.7' ],
145 silly audit   qs: [ '6.14.0' ],
145 silly audit   'range-parser': [ '1.2.1' ],
145 silly audit   'raw-body': [ '3.0.0' ],
145 silly audit   router: [ '2.2.0' ],
145 silly audit   'safe-buffer': [ '5.2.1' ],
145 silly audit   'safer-buffer': [ '2.1.2' ],
145 silly audit   send: [ '1.2.0' ],
145 silly audit   'serve-static': [ '2.2.0' ],
145 silly audit   setprototypeof: [ '1.2.0' ],
145 silly audit   'side-channel': [ '1.1.0' ],
145 silly audit   'side-channel-list': [ '1.0.0' ],
145 silly audit   'side-channel-map': [ '1.0.1' ],
145 silly audit   'side-channel-weakmap': [ '1.0.2' ],
145 silly audit   toidentifier: [ '1.0.1' ],
145 silly audit   'type-is': [ '2.0.1' ],
145 silly audit   unpipe: [ '1.0.0' ],
145 silly audit   vary: [ '1.1.2' ],
145 silly audit   wrappy: [ '1.0.2' ],
145 silly audit   cors: [ '2.8.5' ],
145 silly audit   dotenv: [ '17.2.1' ],
145 silly audit   mongoose: [ '8.17.0' ],
145 silly audit   'object-assign': [ '4.1.1' ],
145 silly audit   bson: [ '6.10.4' ],
145 silly audit   kareem: [ '2.6.3' ],
145 silly audit   mongodb: [ '6.18.0' ],
145 silly audit   mpath: [ '0.9.0' ],
145 silly audit   mquery: [ '5.0.0' ],
145 silly audit   sift: [ '17.1.3' ],
145 silly audit   '@mongodb-js/saslprep': [ '1.3.0' ],
145 silly audit   'mongodb-connection-string-url': [ '3.0.2' ],
145 silly audit   'sparse-bitfield': [ '3.0.3' ],
145 silly audit   '@types/whatwg-url': [ '11.0.5' ],
145 silly audit   'whatwg-url': [ '14.2.0' ],
145 silly audit   '@types/webidl-conversions': [ '7.0.3' ],
145 silly audit   'memory-pager': [ '1.5.0' ],
145 silly audit   tr46: [ '5.1.1' ],
145 silly audit   'webidl-conversions': [ '7.0.0' ],
145 silly audit   punycode: [ '2.3.1' ]
145 silly audit }
146 http cache @types/webidl-conversions@https://registry.npmjs.org/@types/webidl-conversions/-/webidl-conversions-7.0.3.tgz 1ms (cache hit)
147 http cache @mongodb-js/saslprep@https://registry.npmjs.org/@mongodb-js/saslprep/-/saslprep-1.3.0.tgz 0ms (cache hit)
148 http cache webidl-conversions@https://registry.npmjs.org/webidl-conversions/-/webidl-conversions-7.0.0.tgz 0ms (cache hit)
149 http cache punycode@https://registry.npmjs.org/punycode/-/punycode-2.3.1.tgz 0ms (cache hit)
150 http cache whatwg-url@https://registry.npmjs.org/whatwg-url/-/whatwg-url-14.2.0.tgz 0ms (cache hit)
151 http cache tr46@https://registry.npmjs.org/tr46/-/tr46-5.1.1.tgz 0ms (cache hit)
152 http cache sparse-bitfield@https://registry.npmjs.org/sparse-bitfield/-/sparse-bitfield-3.0.3.tgz 0ms (cache hit)
153 http cache mongodb-connection-string-url@https://registry.npmjs.org/mongodb-connection-string-url/-/mongodb-connection-string-url-3.0.2.tgz 0ms (cache hit)
154 http cache mpath@https://registry.npmjs.org/mpath/-/mpath-0.9.0.tgz 0ms (cache hit)
155 http cache mquery@https://registry.npmjs.org/mquery/-/mquery-5.0.0.tgz 0ms (cache hit)
156 http cache sift@https://registry.npmjs.org/sift/-/sift-17.1.3.tgz 0ms (cache hit)
157 http cache kareem@https://registry.npmjs.org/kareem/-/kareem-2.6.3.tgz 0ms (cache hit)
158 http cache mongodb@https://registry.npmjs.org/mongodb/-/mongodb-6.18.0.tgz 0ms (cache hit)
159 http cache object-assign@https://registry.npmjs.org/object-assign/-/object-assign-4.1.1.tgz 0ms (cache hit)
160 http cache cors@https://registry.npmjs.org/cors/-/cors-2.8.5.tgz 0ms (cache hit)
161 http cache mongoose@https://registry.npmjs.org/mongoose/-/mongoose-8.17.0.tgz 0ms (cache hit)
162 http cache @types/whatwg-url@https://registry.npmjs.org/@types/whatwg-url/-/whatwg-url-11.0.5.tgz 0ms (cache hit)
163 http cache bson@https://registry.npmjs.org/bson/-/bson-6.10.4.tgz 0ms (cache hit)
164 http cache dotenv@https://registry.npmjs.org/dotenv/-/dotenv-17.2.1.tgz 0ms (cache hit)
165 silly tarball no local data for @types/webidl-conversions@https://registry.npmjs.org/@types/webidl-conversions/-/webidl-conversions-7.0.3.tgz. Extracting by manifest.
166 silly tarball no local data for @mongodb-js/saslprep@https://registry.npmjs.org/@mongodb-js/saslprep/-/saslprep-1.3.0.tgz. Extracting by manifest.
167 silly tarball no local data for webidl-conversions@https://registry.npmjs.org/webidl-conversions/-/webidl-conversions-7.0.0.tgz. Extracting by manifest.
168 silly tarball no local data for punycode@https://registry.npmjs.org/punycode/-/punycode-2.3.1.tgz. Extracting by manifest.
169 silly tarball no local data for whatwg-url@https://registry.npmjs.org/whatwg-url/-/whatwg-url-14.2.0.tgz. Extracting by manifest.
170 silly tarball no local data for tr46@https://registry.npmjs.org/tr46/-/tr46-5.1.1.tgz. Extracting by manifest.
171 silly tarball no local data for sparse-bitfield@https://registry.npmjs.org/sparse-bitfield/-/sparse-bitfield-3.0.3.tgz. Extracting by manifest.
172 silly tarball no local data for mongodb-connection-string-url@https://registry.npmjs.org/mongodb-connection-string-url/-/mongodb-connection-string-url-3.0.2.tgz. Extracting by manifest.
173 silly tarball no local data for mpath@https://registry.npmjs.org/mpath/-/mpath-0.9.0.tgz. Extracting by manifest.
174 silly tarball no local data for mquery@https://registry.npmjs.org/mquery/-/mquery-5.0.0.tgz. Extracting by manifest.
175 silly tarball no local data for sift@https://registry.npmjs.org/sift/-/sift-17.1.3.tgz. Extracting by manifest.
176 silly tarball no local data for kareem@https://registry.npmjs.org/kareem/-/kareem-2.6.3.tgz. Extracting by manifest.
177 silly tarball no local data for mongodb@https://registry.npmjs.org/mongodb/-/mongodb-6.18.0.tgz. Extracting by manifest.
178 silly tarball no local data for object-assign@https://registry.npmjs.org/object-assign/-/object-assign-4.1.1.tgz. Extracting by manifest.
179 silly tarball no local data for cors@https://registry.npmjs.org/cors/-/cors-2.8.5.tgz. Extracting by manifest.
180 silly tarball no local data for @types/whatwg-url@https://registry.npmjs.org/@types/whatwg-url/-/whatwg-url-11.0.5.tgz. Extracting by manifest.
181 silly tarball no local data for bson@https://registry.npmjs.org/bson/-/bson-6.10.4.tgz. Extracting by manifest.
182 silly tarball no local data for mongoose@https://registry.npmjs.org/mongoose/-/mongoose-8.17.0.tgz. Extracting by manifest.
183 silly tarball no local data for dotenv@https://registry.npmjs.org/dotenv/-/dotenv-17.2.1.tgz. Extracting by manifest.
184 http cache memory-pager@https://registry.npmjs.org/memory-pager/-/memory-pager-1.5.0.tgz 0ms (cache hit)
185 silly tarball no local data for memory-pager@https://registry.npmjs.org/memory-pager/-/memory-pager-1.5.0.tgz. Extracting by manifest.
186 http fetch GET 200 https://registry.npmjs.org/@types/webidl-conversions/-/webidl-conversions-7.0.3.tgz 234ms (cache miss)
187 http fetch GET 200 https://registry.npmjs.org/webidl-conversions/-/webidl-conversions-7.0.0.tgz 336ms (cache miss)
188 http fetch POST 200 https://registry.npmjs.org/-/npm/v1/security/advisories/bulk 349ms
189 silly audit report {}
190 http fetch GET 200 https://registry.npmjs.org/cors/-/cors-2.8.5.tgz 456ms (cache miss)
191 http fetch GET 200 https://registry.npmjs.org/punycode/-/punycode-2.3.1.tgz 773ms (cache miss)
192 http fetch GET 200 https://registry.npmjs.org/object-assign/-/object-assign-4.1.1.tgz 1383ms (cache miss)
193 http fetch GET 200 https://registry.npmjs.org/memory-pager/-/memory-pager-1.5.0.tgz 1366ms (cache miss)
194 http fetch GET 200 https://registry.npmjs.org/sparse-bitfield/-/sparse-bitfield-3.0.3.tgz 1403ms (cache miss)
195 http fetch GET 200 https://registry.npmjs.org/tr46/-/tr46-5.1.1.tgz 1666ms (cache miss)
196 http fetch GET 200 https://registry.npmjs.org/kareem/-/kareem-2.6.3.tgz 1934ms (cache miss)
197 http fetch GET 200 https://registry.npmjs.org/mongodb-connection-string-url/-/mongodb-connection-string-url-3.0.2.tgz 2287ms (cache miss)
198 http fetch GET 200 https://registry.npmjs.org/whatwg-url/-/whatwg-url-14.2.0.tgz 2548ms (cache miss)
199 http fetch GET 200 https://registry.npmjs.org/mpath/-/mpath-0.9.0.tgz 2611ms (cache miss)
200 http fetch GET 200 https://registry.npmjs.org/dotenv/-/dotenv-17.2.1.tgz 2724ms (cache miss)
201 http fetch GET 200 https://registry.npmjs.org/@types/whatwg-url/-/whatwg-url-11.0.5.tgz 2951ms (cache miss)
202 http fetch GET 200 https://registry.npmjs.org/mquery/-/mquery-5.0.0.tgz 4226ms (cache miss)
203 http fetch GET 200 https://registry.npmjs.org/sift/-/sift-17.1.3.tgz 4398ms (cache miss)
204 http fetch GET 200 https://registry.npmjs.org/@mongodb-js/saslprep/-/saslprep-1.3.0.tgz 4734ms (cache miss)
205 http fetch GET 200 https://registry.npmjs.org/bson/-/bson-6.10.4.tgz 6422ms (cache miss)
206 http fetch GET 200 https://registry.npmjs.org/mongoose/-/mongoose-8.17.0.tgz 11898ms (cache miss)
207 http fetch GET 200 https://registry.npmjs.org/mongodb/-/mongodb-6.18.0.tgz 12785ms (cache miss)
208 silly ADD node_modules/punycode
209 silly ADD node_modules/webidl-conversions
210 silly ADD node_modules/tr46
211 silly ADD node_modules/memory-pager
212 silly ADD node_modules/@types/webidl-conversions
213 silly ADD node_modules/whatwg-url
214 silly ADD node_modules/@types/whatwg-url
215 silly ADD node_modules/sparse-bitfield
216 silly ADD node_modules/mongodb-connection-string-url
217 silly ADD node_modules/@mongodb-js/saslprep
218 silly ADD node_modules/sift
219 silly ADD node_modules/mquery
220 silly ADD node_modules/mpath
221 silly ADD node_modules/mongodb
222 silly ADD node_modules/kareem
223 silly ADD node_modules/bson
224 silly ADD node_modules/object-assign
225 silly ADD node_modules/mongoose
226 silly ADD node_modules/dotenv
227 silly ADD node_modules/cors
228 verbose cwd E:\SmartRif-coffee\back-end
229 verbose os Windows_NT 10.0.26100
230 verbose node v24.5.0
231 verbose npm  v11.5.1
232 verbose exit 0
233 info ok
