0 verbose cli E:\SmartRif-coffee\app\node.exe E:\SmartRif-coffee\app\node_modules\npm\bin\npm-cli.js
1 info using npm@11.5.1
2 info using node@v24.5.0
3 silly config load:file:E:\SmartRif-coffee\app\node_modules\npm\npmrc
4 silly config load:file:E:\SmartRif-coffee\back-end\.npmrc
5 silly config load:file:C:\Users\cvalhoceima\.npmrc
6 silly config load:file:E:\SmartRif-coffee\app\etc\npmrc
7 warn Unknown global config "globalignorefile". This will stop working in the next major version of npm.
8 verbose title npm install express
9 verbose argv "install" "express"
10 verbose logfile logs-max:10 dir:E:\SmartRif-coffee\cache\_logs\2025-08-06T09_07_04_067Z-
11 verbose logfile E:\SmartRif-coffee\cache\_logs\2025-08-06T09_07_04_067Z-debug-0.log
12 silly logfile done cleaning log files
13 silly packumentCache heap:4496293888 maxSize:1124073472 maxEntrySize:562036736
14 silly idealTree buildDeps
15 silly fetch manifest express@*
16 silly packumentCache full:https://registry.npmjs.org/express cache-miss
17 http fetch GET 200 https://registry.npmjs.org/express 731ms (cache revalidated)
18 silly packumentCache full:https://registry.npmjs.org/express set size:796213 disposed:false
19 silly placeDep ROOT express@5.1.0 OK for: back-end@1.0.0 want: *
20 silly fetch manifest qs@^6.14.0
21 silly packumentCache full:https://registry.npmjs.org/qs cache-miss
22 silly fetch manifest etag@^1.8.1
23 silly packumentCache full:https://registry.npmjs.org/etag cache-miss
24 silly fetch manifest once@^1.4.0
25 silly packumentCache full:https://registry.npmjs.org/once cache-miss
26 silly fetch manifest send@^1.1.0
27 silly packumentCache full:https://registry.npmjs.org/send cache-miss
28 silly fetch manifest vary@^1.1.2
29 silly packumentCache full:https://registry.npmjs.org/vary cache-miss
30 silly fetch manifest debug@^4.4.0
31 silly packumentCache full:https://registry.npmjs.org/debug cache-miss
32 silly fetch manifest fresh@^2.0.0
33 silly packumentCache full:https://registry.npmjs.org/fresh cache-miss
34 silly fetch manifest cookie@^0.7.1
35 silly packumentCache full:https://registry.npmjs.org/cookie cache-miss
36 silly fetch manifest router@^2.2.0
37 silly packumentCache full:https://registry.npmjs.org/router cache-miss
38 silly fetch manifest accepts@^2.0.0
39 silly packumentCache full:https://registry.npmjs.org/accepts cache-miss
40 silly fetch manifest type-is@^2.0.1
41 silly packumentCache full:https://registry.npmjs.org/type-is cache-miss
42 silly fetch manifest parseurl@^1.3.3
43 silly packumentCache full:https://registry.npmjs.org/parseurl cache-miss
44 silly fetch manifest statuses@^2.0.1
45 silly packumentCache full:https://registry.npmjs.org/statuses cache-miss
46 silly fetch manifest encodeurl@^2.0.0
47 silly packumentCache full:https://registry.npmjs.org/encodeurl cache-miss
48 silly fetch manifest mime-types@^3.0.0
49 silly packumentCache full:https://registry.npmjs.org/mime-types cache-miss
50 http fetch GET 200 https://registry.npmjs.org/router 521ms (cache miss)
51 silly packumentCache full:https://registry.npmjs.org/router set size:undefined disposed:false
52 silly fetch manifest proxy-addr@^2.0.7
53 silly packumentCache full:https://registry.npmjs.org/proxy-addr cache-miss
54 http fetch GET 200 https://registry.npmjs.org/etag 670ms (cache revalidated)
55 silly packumentCache full:https://registry.npmjs.org/etag set size:30032 disposed:false
56 silly fetch manifest body-parser@^2.2.0
57 silly packumentCache full:https://registry.npmjs.org/body-parser cache-miss
58 http fetch GET 200 https://registry.npmjs.org/accepts 676ms (cache revalidated)
59 silly packumentCache full:https://registry.npmjs.org/accepts set size:77054 disposed:false
60 silly fetch manifest escape-html@^1.0.3
61 silly packumentCache full:https://registry.npmjs.org/escape-html cache-miss
62 http fetch GET 200 https://registry.npmjs.org/parseurl 698ms (cache revalidated)
63 silly packumentCache full:https://registry.npmjs.org/parseurl set size:24148 disposed:false
64 silly fetch manifest http-errors@^2.0.0
65 silly packumentCache full:https://registry.npmjs.org/http-errors cache-miss
66 http fetch GET 200 https://registry.npmjs.org/send 707ms (cache revalidated)
67 silly packumentCache full:https://registry.npmjs.org/send set size:147586 disposed:false
68 silly fetch manifest on-finished@^2.4.1
69 silly packumentCache full:https://registry.npmjs.org/on-finished cache-miss
70 http fetch GET 200 https://registry.npmjs.org/type-is 710ms (cache revalidated)
71 silly packumentCache full:https://registry.npmjs.org/type-is set size:86196 disposed:false
72 silly fetch manifest content-type@^1.0.5
73 silly packumentCache full:https://registry.npmjs.org/content-type cache-miss
74 http fetch GET 200 https://registry.npmjs.org/qs 723ms (cache revalidated)
75 silly packumentCache full:https://registry.npmjs.org/qs set size:264677 disposed:false
76 silly fetch manifest finalhandler@^2.1.0
77 silly packumentCache full:https://registry.npmjs.org/finalhandler cache-miss
78 http fetch GET 200 https://registry.npmjs.org/mime-types 983ms (cache revalidated)
79 silly packumentCache full:https://registry.npmjs.org/mime-types set size:136716 disposed:false
80 silly fetch manifest range-parser@^1.2.1
81 silly packumentCache full:https://registry.npmjs.org/range-parser cache-miss
82 http fetch GET 200 https://registry.npmjs.org/cookie 1009ms (cache revalidated)
83 silly packumentCache full:https://registry.npmjs.org/cookie set size:67180 disposed:false
84 silly fetch manifest serve-static@^2.2.0
85 silly packumentCache full:https://registry.npmjs.org/serve-static cache-miss
86 http fetch GET 200 https://registry.npmjs.org/body-parser 438ms (cache revalidated)
87 silly packumentCache full:https://registry.npmjs.org/body-parser set size:209520 disposed:false
88 silly fetch manifest cookie-signature@^1.2.1
89 silly packumentCache full:https://registry.npmjs.org/cookie-signature cache-miss
90 http fetch GET 200 https://registry.npmjs.org/debug 1111ms (cache revalidated)
91 silly packumentCache full:https://registry.npmjs.org/debug set size:193521 disposed:false
92 silly fetch manifest merge-descriptors@^2.0.0
93 silly packumentCache full:https://registry.npmjs.org/merge-descriptors cache-miss
94 http fetch GET 200 https://registry.npmjs.org/escape-html 438ms (cache revalidated)
95 silly packumentCache full:https://registry.npmjs.org/escape-html set size:7345 disposed:false
96 silly fetch manifest content-disposition@^1.0.0
97 silly packumentCache full:https://registry.npmjs.org/content-disposition cache-miss
98 http fetch GET 200 https://registry.npmjs.org/encodeurl 1124ms (cache revalidated)
99 silly packumentCache full:https://registry.npmjs.org/encodeurl set size:12296 disposed:false
100 http fetch GET 200 https://registry.npmjs.org/statuses 1127ms (cache revalidated)
101 silly packumentCache full:https://registry.npmjs.org/statuses set size:37117 disposed:false
102 http fetch GET 200 https://registry.npmjs.org/vary 1146ms (cache revalidated)
103 silly packumentCache full:https://registry.npmjs.org/vary set size:16018 disposed:false
104 http fetch GET 200 https://registry.npmjs.org/proxy-addr 663ms (cache revalidated)
105 silly packumentCache full:https://registry.npmjs.org/proxy-addr set size:61619 disposed:false
106 http fetch GET 200 https://registry.npmjs.org/once 1188ms (cache revalidated)
107 silly packumentCache full:https://registry.npmjs.org/once set size:11768 disposed:false
108 http fetch GET 200 https://registry.npmjs.org/content-type 612ms (cache revalidated)
109 silly packumentCache full:https://registry.npmjs.org/content-type set size:17311 disposed:false
110 http fetch GET 200 https://registry.npmjs.org/on-finished 617ms (cache revalidated)
111 silly packumentCache full:https://registry.npmjs.org/on-finished set size:23212 disposed:false
112 http fetch GET 200 https://registry.npmjs.org/http-errors 626ms (cache revalidated)
113 silly packumentCache full:https://registry.npmjs.org/http-errors set size:69537 disposed:false
114 http fetch GET 200 https://registry.npmjs.org/fresh 1330ms (cache revalidated)
115 silly packumentCache full:https://registry.npmjs.org/fresh set size:25427 disposed:false
116 http fetch GET 200 https://registry.npmjs.org/finalhandler 609ms (cache revalidated)
117 silly packumentCache full:https://registry.npmjs.org/finalhandler set size:74406 disposed:false
118 http fetch GET 200 https://registry.npmjs.org/merge-descriptors 322ms (cache revalidated)
119 silly packumentCache full:https://registry.npmjs.org/merge-descriptors set size:16527 disposed:false
120 http fetch GET 200 https://registry.npmjs.org/range-parser 447ms (cache revalidated)
121 silly packumentCache full:https://registry.npmjs.org/range-parser set size:22228 disposed:false
122 http fetch GET 200 https://registry.npmjs.org/serve-static 428ms (cache revalidated)
123 silly packumentCache full:https://registry.npmjs.org/serve-static set size:145938 disposed:false
124 http fetch GET 200 https://registry.npmjs.org/cookie-signature 352ms (cache revalidated)
125 silly packumentCache full:https://registry.npmjs.org/cookie-signature set size:21777 disposed:false
126 http fetch GET 200 https://registry.npmjs.org/content-disposition 347ms (cache revalidated)
127 silly packumentCache full:https://registry.npmjs.org/content-disposition set size:26893 disposed:false
128 silly placeDep ROOT accepts@2.0.0 OK for: express@5.1.0 want: ^2.0.0
129 silly placeDep ROOT body-parser@2.2.0 OK for: express@5.1.0 want: ^2.2.0
130 silly placeDep ROOT content-disposition@1.0.0 OK for: express@5.1.0 want: ^1.0.0
131 silly placeDep ROOT content-type@1.0.5 OK for: express@5.1.0 want: ^1.0.5
132 silly placeDep ROOT cookie@0.7.2 OK for: express@5.1.0 want: ^0.7.1
133 silly placeDep ROOT cookie-signature@1.2.2 OK for: express@5.1.0 want: ^1.2.1
134 silly placeDep ROOT debug@4.4.1 OK for: express@5.1.0 want: ^4.4.0
135 silly placeDep ROOT encodeurl@2.0.0 OK for: express@5.1.0 want: ^2.0.0
136 silly placeDep ROOT escape-html@1.0.3 OK for: express@5.1.0 want: ^1.0.3
137 silly placeDep ROOT etag@1.8.1 OK for: express@5.1.0 want: ^1.8.1
138 silly placeDep ROOT finalhandler@2.1.0 OK for: express@5.1.0 want: ^2.1.0
139 silly placeDep ROOT fresh@2.0.0 OK for: express@5.1.0 want: ^2.0.0
140 silly placeDep ROOT http-errors@2.0.0 OK for: express@5.1.0 want: ^2.0.0
141 silly placeDep ROOT merge-descriptors@2.0.0 OK for: express@5.1.0 want: ^2.0.0
142 silly placeDep ROOT mime-types@3.0.1 OK for: express@5.1.0 want: ^3.0.0
143 silly placeDep ROOT on-finished@2.4.1 OK for: express@5.1.0 want: ^2.4.1
144 silly placeDep ROOT once@1.4.0 OK for: express@5.1.0 want: ^1.4.0
145 silly placeDep ROOT parseurl@1.3.3 OK for: express@5.1.0 want: ^1.3.3
146 silly placeDep ROOT proxy-addr@2.0.7 OK for: express@5.1.0 want: ^2.0.7
147 silly placeDep ROOT qs@6.14.0 OK for: express@5.1.0 want: ^6.14.0
148 silly placeDep ROOT range-parser@1.2.1 OK for: express@5.1.0 want: ^1.2.1
149 silly placeDep ROOT router@2.2.0 OK for: express@5.1.0 want: ^2.2.0
150 silly placeDep ROOT send@1.2.0 OK for: express@5.1.0 want: ^1.1.0
151 silly placeDep ROOT serve-static@2.2.0 OK for: express@5.1.0 want: ^2.2.0
152 silly placeDep ROOT statuses@2.0.2 OK for: express@5.1.0 want: ^2.0.1
153 silly placeDep ROOT type-is@2.0.1 OK for: express@5.1.0 want: ^2.0.1
154 silly placeDep ROOT vary@1.1.2 OK for: express@5.1.0 want: ^1.1.2
155 silly fetch manifest negotiator@^1.0.0
156 silly packumentCache full:https://registry.npmjs.org/negotiator cache-miss
157 silly fetch manifest bytes@^3.1.2
158 silly packumentCache full:https://registry.npmjs.org/bytes cache-miss
159 silly fetch manifest iconv-lite@^0.6.3
160 silly packumentCache full:https://registry.npmjs.org/iconv-lite cache-miss
161 silly fetch manifest raw-body@^3.0.0
162 silly packumentCache full:https://registry.npmjs.org/raw-body cache-miss
163 silly fetch manifest type-is@^2.0.0
164 silly packumentCache full:https://registry.npmjs.org/type-is cache-hit
165 silly fetch manifest safe-buffer@5.2.1
166 silly packumentCache full:https://registry.npmjs.org/safe-buffer cache-miss
167 silly fetch manifest ms@^2.1.3
168 silly packumentCache full:https://registry.npmjs.org/ms cache-miss
169 silly fetch manifest depd@2.0.0
170 silly packumentCache full:https://registry.npmjs.org/depd cache-miss
171 silly fetch manifest inherits@2.0.4
172 silly packumentCache full:https://registry.npmjs.org/inherits cache-miss
173 silly fetch manifest statuses@2.0.1
174 silly packumentCache full:https://registry.npmjs.org/statuses cache-hit
175 silly fetch manifest toidentifier@1.0.1
176 silly packumentCache full:https://registry.npmjs.org/toidentifier cache-miss
177 silly fetch manifest setprototypeof@1.2.0
178 silly packumentCache full:https://registry.npmjs.org/setprototypeof cache-miss
179 silly fetch manifest mime-db@^1.54.0
180 silly packumentCache full:https://registry.npmjs.org/mime-db cache-miss
181 silly fetch manifest ee-first@1.1.1
182 silly packumentCache full:https://registry.npmjs.org/ee-first cache-miss
183 silly fetch manifest wrappy@1
184 silly packumentCache full:https://registry.npmjs.org/wrappy cache-miss
185 silly fetch manifest forwarded@0.2.0
186 silly packumentCache full:https://registry.npmjs.org/forwarded cache-miss
187 silly fetch manifest ipaddr.js@1.9.1
188 silly packumentCache full:https://registry.npmjs.org/ipaddr.js cache-miss
189 http fetch GET 200 https://registry.npmjs.org/depd 306ms (cache revalidated)
190 silly packumentCache full:https://registry.npmjs.org/depd set size:40182 disposed:false
191 silly fetch manifest side-channel@^1.1.0
192 silly packumentCache full:https://registry.npmjs.org/side-channel cache-miss
193 http fetch GET 200 https://registry.npmjs.org/bytes 312ms (cache revalidated)
194 silly packumentCache full:https://registry.npmjs.org/bytes set size:37018 disposed:false
195 silly fetch manifest depd@^2.0.0
196 silly packumentCache full:https://registry.npmjs.org/depd cache-hit
197 silly fetch manifest is-promise@^4.0.0
198 silly packumentCache full:https://registry.npmjs.org/is-promise cache-miss
199 http fetch GET 200 https://registry.npmjs.org/negotiator 317ms (cache revalidated)
200 silly packumentCache full:https://registry.npmjs.org/negotiator set size:48046 disposed:false
201 silly fetch manifest path-to-regexp@^8.0.0
202 silly packumentCache full:https://registry.npmjs.org/path-to-regexp cache-miss
203 http fetch GET 200 https://registry.npmjs.org/raw-body 319ms (cache revalidated)
204 silly packumentCache full:https://registry.npmjs.org/raw-body set size:108717 disposed:false
205 silly fetch manifest ms@^2.1.3
206 silly packumentCache full:https://registry.npmjs.org/ms cache-miss
207 http fetch GET 200 https://registry.npmjs.org/setprototypeof 318ms (cache revalidated)
208 silly packumentCache full:https://registry.npmjs.org/setprototypeof set size:14532 disposed:false
209 silly fetch manifest media-typer@^1.1.0
210 silly packumentCache full:https://registry.npmjs.org/media-typer cache-miss
211 http fetch GET 200 https://registry.npmjs.org/inherits 322ms (cache revalidated)
212 silly packumentCache full:https://registry.npmjs.org/inherits set size:12925 disposed:false
213 http fetch GET 200 https://registry.npmjs.org/iconv-lite 330ms (cache revalidated)
214 silly packumentCache full:https://registry.npmjs.org/iconv-lite set size:115994 disposed:false
215 http fetch GET 200 https://registry.npmjs.org/safe-buffer 334ms (cache revalidated)
216 silly packumentCache full:https://registry.npmjs.org/safe-buffer set size:41183 disposed:false
217 http fetch GET 200 https://registry.npmjs.org/ee-first 417ms (cache revalidated)
218 silly packumentCache full:https://registry.npmjs.org/ee-first set size:15327 disposed:false
219 http fetch GET 200 https://registry.npmjs.org/mime-db 419ms (cache revalidated)
220 silly packumentCache full:https://registry.npmjs.org/mime-db set size:164953 disposed:false
221 http fetch GET 200 https://registry.npmjs.org/toidentifier 483ms (cache miss)
222 silly packumentCache full:https://registry.npmjs.org/toidentifier set size:undefined disposed:false
223 http fetch GET 200 https://registry.npmjs.org/forwarded 505ms (cache revalidated)
224 silly packumentCache full:https://registry.npmjs.org/forwarded set size:11229 disposed:false
225 http fetch GET 200 https://registry.npmjs.org/wrappy 507ms (cache revalidated)
226 silly packumentCache full:https://registry.npmjs.org/wrappy set size:7682 disposed:false
227 http fetch GET 200 https://registry.npmjs.org/ms 603ms (cache revalidated)
228 silly packumentCache full:https://registry.npmjs.org/ms set size:84883 disposed:false
229 http fetch GET 200 https://registry.npmjs.org/ms 285ms (cache revalidated)
230 silly packumentCache full:https://registry.npmjs.org/ms set size:84883 disposed:false
231 silly packumentCache full:https://registry.npmjs.org/ms dispose
232 http fetch GET 200 https://registry.npmjs.org/ipaddr.js 601ms (cache revalidated)
233 silly packumentCache full:https://registry.npmjs.org/ipaddr.js set size:65942 disposed:false
234 http fetch GET 200 https://registry.npmjs.org/side-channel 299ms (cache miss)
235 silly packumentCache full:https://registry.npmjs.org/side-channel set size:undefined disposed:false
236 http fetch GET 200 https://registry.npmjs.org/path-to-regexp 338ms (cache revalidated)
237 silly packumentCache full:https://registry.npmjs.org/path-to-regexp set size:196503 disposed:false
238 http fetch GET 200 https://registry.npmjs.org/media-typer 398ms (cache revalidated)
239 silly packumentCache full:https://registry.npmjs.org/media-typer set size:20873 disposed:false
240 http fetch GET 200 https://registry.npmjs.org/is-promise 478ms (cache revalidated)
241 silly packumentCache full:https://registry.npmjs.org/is-promise set size:18599 disposed:false
242 silly placeDep ROOT negotiator@1.0.0 OK for: accepts@2.0.0 want: ^1.0.0
243 silly placeDep ROOT bytes@3.1.2 OK for: body-parser@2.2.0 want: ^3.1.2
244 silly placeDep ROOT iconv-lite@0.6.3 OK for: body-parser@2.2.0 want: ^0.6.3
245 silly placeDep ROOT raw-body@3.0.0 OK for: body-parser@2.2.0 want: ^3.0.0
246 silly fetch manifest safer-buffer@>= 2.1.2 < 3.0.0
247 silly packumentCache full:https://registry.npmjs.org/safer-buffer cache-miss
248 silly fetch manifest unpipe@1.0.0
249 silly packumentCache full:https://registry.npmjs.org/unpipe cache-miss
250 http fetch GET 200 https://registry.npmjs.org/safer-buffer 291ms (cache revalidated)
251 silly packumentCache full:https://registry.npmjs.org/safer-buffer set size:18521 disposed:false
252 http fetch GET 200 https://registry.npmjs.org/unpipe 311ms (cache revalidated)
253 silly packumentCache full:https://registry.npmjs.org/unpipe set size:3537 disposed:false
254 silly placeDep ROOT safe-buffer@5.2.1 OK for: content-disposition@1.0.0 want: 5.2.1
255 silly placeDep ROOT ms@2.1.3 OK for: debug@4.4.1 want: ^2.1.3
256 silly placeDep ROOT depd@2.0.0 OK for: http-errors@2.0.0 want: 2.0.0
257 silly placeDep ROOT inherits@2.0.4 OK for: http-errors@2.0.0 want: 2.0.4
258 silly placeDep ROOT setprototypeof@1.2.0 OK for: http-errors@2.0.0 want: 1.2.0
259 silly placeDep node_modules/http-errors statuses@2.0.1 OK for: http-errors@2.0.0 want: 2.0.1
260 silly placeDep ROOT toidentifier@1.0.1 OK for: http-errors@2.0.0 want: 1.0.1
261 silly placeDep ROOT safer-buffer@2.1.2 OK for: iconv-lite@0.6.3 want: >= 2.1.2 < 3.0.0
262 silly placeDep ROOT mime-db@1.54.0 OK for: mime-types@3.0.1 want: ^1.54.0
263 silly placeDep ROOT ee-first@1.1.1 OK for: on-finished@2.4.1 want: 1.1.1
264 silly placeDep ROOT wrappy@1.0.2 OK for: once@1.4.0 want: 1
265 silly placeDep ROOT forwarded@0.2.0 OK for: proxy-addr@2.0.7 want: 0.2.0
266 silly placeDep ROOT ipaddr.js@1.9.1 OK for: proxy-addr@2.0.7 want: 1.9.1
267 silly placeDep ROOT side-channel@1.1.0 OK for: qs@6.14.0 want: ^1.1.0
268 silly fetch manifest es-errors@^1.3.0
269 silly packumentCache full:https://registry.npmjs.org/es-errors cache-miss
270 silly fetch manifest object-inspect@^1.13.3
271 silly packumentCache full:https://registry.npmjs.org/object-inspect cache-miss
272 silly fetch manifest side-channel-list@^1.0.0
273 silly packumentCache full:https://registry.npmjs.org/side-channel-list cache-miss
274 silly fetch manifest side-channel-map@^1.0.1
275 silly packumentCache full:https://registry.npmjs.org/side-channel-map cache-miss
276 silly fetch manifest side-channel-weakmap@^1.0.2
277 silly packumentCache full:https://registry.npmjs.org/side-channel-weakmap cache-miss
278 http fetch GET 200 https://registry.npmjs.org/side-channel-list 139ms (cache miss)
279 silly packumentCache full:https://registry.npmjs.org/side-channel-list set size:undefined disposed:false
280 http fetch GET 200 https://registry.npmjs.org/object-inspect 166ms (cache miss)
281 silly packumentCache full:https://registry.npmjs.org/object-inspect set size:undefined disposed:false
282 http fetch GET 200 https://registry.npmjs.org/side-channel-weakmap 173ms (cache miss)
283 silly packumentCache full:https://registry.npmjs.org/side-channel-weakmap set size:undefined disposed:false
284 http fetch GET 200 https://registry.npmjs.org/es-errors 177ms (cache miss)
285 silly packumentCache full:https://registry.npmjs.org/es-errors set size:undefined disposed:false
286 http fetch GET 200 https://registry.npmjs.org/side-channel-map 538ms (cache miss)
287 silly packumentCache full:https://registry.npmjs.org/side-channel-map set size:undefined disposed:false
288 silly placeDep ROOT unpipe@1.0.0 OK for: raw-body@3.0.0 want: 1.0.0
289 silly placeDep ROOT is-promise@4.0.0 OK for: router@2.2.0 want: ^4.0.0
290 silly placeDep ROOT path-to-regexp@8.2.0 OK for: router@2.2.0 want: ^8.0.0
291 silly placeDep ROOT es-errors@1.3.0 OK for: side-channel@1.1.0 want: ^1.3.0
292 silly placeDep ROOT object-inspect@1.13.4 OK for: side-channel@1.1.0 want: ^1.13.3
293 silly placeDep ROOT side-channel-list@1.0.0 OK for: side-channel@1.1.0 want: ^1.0.0
294 silly placeDep ROOT side-channel-map@1.0.1 OK for: side-channel@1.1.0 want: ^1.0.1
295 silly placeDep ROOT side-channel-weakmap@1.0.2 OK for: side-channel@1.1.0 want: ^1.0.2
296 silly fetch manifest call-bound@^1.0.2
297 silly packumentCache full:https://registry.npmjs.org/call-bound cache-miss
298 silly fetch manifest get-intrinsic@^1.2.5
299 silly packumentCache full:https://registry.npmjs.org/get-intrinsic cache-miss
300 silly fetch manifest call-bound@^1.0.2
301 silly packumentCache full:https://registry.npmjs.org/call-bound cache-miss
302 silly fetch manifest get-intrinsic@^1.2.5
303 silly packumentCache full:https://registry.npmjs.org/get-intrinsic cache-miss
304 http fetch GET 200 https://registry.npmjs.org/call-bound 117ms (cache miss)
305 silly packumentCache full:https://registry.npmjs.org/call-bound set size:undefined disposed:false
306 http fetch GET 200 https://registry.npmjs.org/call-bound 136ms (cache miss)
307 silly packumentCache full:https://registry.npmjs.org/call-bound set size:undefined disposed:false
308 http fetch GET 200 https://registry.npmjs.org/get-intrinsic 142ms (cache miss)
309 silly packumentCache full:https://registry.npmjs.org/get-intrinsic set size:undefined disposed:false
310 http fetch GET 200 https://registry.npmjs.org/get-intrinsic 146ms (cache miss)
311 silly packumentCache full:https://registry.npmjs.org/get-intrinsic set size:undefined disposed:false
312 silly placeDep ROOT call-bound@1.0.4 OK for: side-channel-map@1.0.1 want: ^1.0.2
313 silly placeDep ROOT get-intrinsic@1.3.0 OK for: side-channel-map@1.0.1 want: ^1.2.5
314 silly fetch manifest call-bind-apply-helpers@^1.0.2
315 silly packumentCache full:https://registry.npmjs.org/call-bind-apply-helpers cache-miss
316 silly fetch manifest get-intrinsic@^1.3.0
317 silly packumentCache full:https://registry.npmjs.org/get-intrinsic cache-miss
318 silly fetch manifest call-bind-apply-helpers@^1.0.2
319 silly packumentCache full:https://registry.npmjs.org/call-bind-apply-helpers cache-miss
320 silly fetch manifest es-define-property@^1.0.1
321 silly packumentCache full:https://registry.npmjs.org/es-define-property cache-miss
322 silly fetch manifest es-object-atoms@^1.1.1
323 silly packumentCache full:https://registry.npmjs.org/es-object-atoms cache-miss
324 silly fetch manifest function-bind@^1.1.2
325 silly packumentCache full:https://registry.npmjs.org/function-bind cache-miss
326 silly fetch manifest get-proto@^1.0.1
327 silly packumentCache full:https://registry.npmjs.org/get-proto cache-miss
328 silly fetch manifest gopd@^1.2.0
329 silly packumentCache full:https://registry.npmjs.org/gopd cache-miss
330 silly fetch manifest has-symbols@^1.1.0
331 silly packumentCache full:https://registry.npmjs.org/has-symbols cache-miss
332 silly fetch manifest hasown@^2.0.2
333 silly packumentCache full:https://registry.npmjs.org/hasown cache-miss
334 silly fetch manifest math-intrinsics@^1.1.0
335 silly packumentCache full:https://registry.npmjs.org/math-intrinsics cache-miss
336 http cache https://registry.npmjs.org/get-intrinsic 96ms (cache hit)
337 silly packumentCache full:https://registry.npmjs.org/get-intrinsic set size:57687 disposed:false
338 http fetch GET 200 https://registry.npmjs.org/call-bind-apply-helpers 103ms (cache miss)
339 silly packumentCache full:https://registry.npmjs.org/call-bind-apply-helpers set size:undefined disposed:false
340 http fetch GET 200 https://registry.npmjs.org/function-bind 152ms (cache miss)
341 silly packumentCache full:https://registry.npmjs.org/function-bind set size:undefined disposed:false
342 http fetch GET 200 https://registry.npmjs.org/call-bind-apply-helpers 171ms (cache miss)
343 silly packumentCache full:https://registry.npmjs.org/call-bind-apply-helpers set size:undefined disposed:false
344 http fetch GET 200 https://registry.npmjs.org/hasown 175ms (cache miss)
345 silly packumentCache full:https://registry.npmjs.org/hasown set size:undefined disposed:false
346 http fetch GET 200 https://registry.npmjs.org/get-proto 177ms (cache miss)
347 silly packumentCache full:https://registry.npmjs.org/get-proto set size:undefined disposed:false
348 http fetch GET 200 https://registry.npmjs.org/gopd 185ms (cache miss)
349 silly packumentCache full:https://registry.npmjs.org/gopd set size:undefined disposed:false
350 http fetch GET 200 https://registry.npmjs.org/es-object-atoms 187ms (cache miss)
351 silly packumentCache full:https://registry.npmjs.org/es-object-atoms set size:undefined disposed:false
352 http fetch GET 200 https://registry.npmjs.org/es-define-property 189ms (cache miss)
353 silly packumentCache full:https://registry.npmjs.org/es-define-property set size:undefined disposed:false
354 http fetch GET 200 https://registry.npmjs.org/has-symbols 189ms (cache miss)
355 silly packumentCache full:https://registry.npmjs.org/has-symbols set size:undefined disposed:false
356 http fetch GET 200 https://registry.npmjs.org/math-intrinsics 195ms (cache miss)
357 silly packumentCache full:https://registry.npmjs.org/math-intrinsics set size:undefined disposed:false
358 silly placeDep ROOT call-bind-apply-helpers@1.0.2 OK for: call-bound@1.0.4 want: ^1.0.2
359 silly placeDep ROOT function-bind@1.1.2 OK for: call-bind-apply-helpers@1.0.2 want: ^1.1.2
360 silly placeDep ROOT es-define-property@1.0.1 OK for: get-intrinsic@1.3.0 want: ^1.0.1
361 silly placeDep ROOT es-object-atoms@1.1.1 OK for: get-intrinsic@1.3.0 want: ^1.1.1
362 silly placeDep ROOT get-proto@1.0.1 OK for: get-intrinsic@1.3.0 want: ^1.0.1
363 silly placeDep ROOT gopd@1.2.0 OK for: get-intrinsic@1.3.0 want: ^1.2.0
364 silly placeDep ROOT has-symbols@1.1.0 OK for: get-intrinsic@1.3.0 want: ^1.1.0
365 silly placeDep ROOT hasown@2.0.2 OK for: get-intrinsic@1.3.0 want: ^2.0.2
366 silly placeDep ROOT math-intrinsics@1.1.0 OK for: get-intrinsic@1.3.0 want: ^1.1.0
367 silly fetch manifest dunder-proto@^1.0.1
368 silly packumentCache full:https://registry.npmjs.org/dunder-proto cache-miss
369 http fetch GET 200 https://registry.npmjs.org/dunder-proto 120ms (cache miss)
370 silly packumentCache full:https://registry.npmjs.org/dunder-proto set size:undefined disposed:false
371 silly placeDep ROOT dunder-proto@1.0.1 OK for: get-proto@1.0.1 want: ^1.0.1
372 silly placeDep ROOT media-typer@1.1.0 OK for: type-is@2.0.1 want: ^1.1.0
373 silly reify moves {}
374 silly audit bulk request {
374 silly audit   express: [ '5.1.0' ],
374 silly audit   accepts: [ '2.0.0' ],
374 silly audit   'body-parser': [ '2.2.0' ],
374 silly audit   'content-disposition': [ '1.0.0' ],
374 silly audit   'content-type': [ '1.0.5' ],
374 silly audit   cookie: [ '0.7.2' ],
374 silly audit   'cookie-signature': [ '1.2.2' ],
374 silly audit   debug: [ '4.4.1' ],
374 silly audit   encodeurl: [ '2.0.0' ],
374 silly audit   'escape-html': [ '1.0.3' ],
374 silly audit   etag: [ '1.8.1' ],
374 silly audit   finalhandler: [ '2.1.0' ],
374 silly audit   fresh: [ '2.0.0' ],
374 silly audit   'http-errors': [ '2.0.0' ],
374 silly audit   'merge-descriptors': [ '2.0.0' ],
374 silly audit   'mime-types': [ '3.0.1' ],
374 silly audit   'on-finished': [ '2.4.1' ],
374 silly audit   once: [ '1.4.0' ],
374 silly audit   parseurl: [ '1.3.3' ],
374 silly audit   'proxy-addr': [ '2.0.7' ],
374 silly audit   qs: [ '6.14.0' ],
374 silly audit   'range-parser': [ '1.2.1' ],
374 silly audit   router: [ '2.2.0' ],
374 silly audit   send: [ '1.2.0' ],
374 silly audit   'serve-static': [ '2.2.0' ],
374 silly audit   statuses: [ '2.0.2', '2.0.1' ],
374 silly audit   'type-is': [ '2.0.1' ],
374 silly audit   vary: [ '1.1.2' ],
374 silly audit   negotiator: [ '1.0.0' ],
374 silly audit   bytes: [ '3.1.2' ],
374 silly audit   'iconv-lite': [ '0.6.3' ],
374 silly audit   'raw-body': [ '3.0.0' ],
374 silly audit   'safe-buffer': [ '5.2.1' ],
374 silly audit   ms: [ '2.1.3' ],
374 silly audit   depd: [ '2.0.0' ],
374 silly audit   inherits: [ '2.0.4' ],
374 silly audit   setprototypeof: [ '1.2.0' ],
374 silly audit   toidentifier: [ '1.0.1' ],
374 silly audit   'safer-buffer': [ '2.1.2' ],
374 silly audit   'mime-db': [ '1.54.0' ],
374 silly audit   'ee-first': [ '1.1.1' ],
374 silly audit   wrappy: [ '1.0.2' ],
374 silly audit   forwarded: [ '0.2.0' ],
374 silly audit   'ipaddr.js': [ '1.9.1' ],
374 silly audit   'side-channel': [ '1.1.0' ],
374 silly audit   unpipe: [ '1.0.0' ],
374 silly audit   'is-promise': [ '4.0.0' ],
374 silly audit   'path-to-regexp': [ '8.2.0' ],
374 silly audit   'es-errors': [ '1.3.0' ],
374 silly audit   'object-inspect': [ '1.13.4' ],
374 silly audit   'side-channel-list': [ '1.0.0' ],
374 silly audit   'side-channel-map': [ '1.0.1' ],
374 silly audit   'side-channel-weakmap': [ '1.0.2' ],
374 silly audit   'call-bound': [ '1.0.4' ],
374 silly audit   'get-intrinsic': [ '1.3.0' ],
374 silly audit   'call-bind-apply-helpers': [ '1.0.2' ],
374 silly audit   'function-bind': [ '1.1.2' ],
374 silly audit   'es-define-property': [ '1.0.1' ],
374 silly audit   'es-object-atoms': [ '1.1.1' ],
374 silly audit   'get-proto': [ '1.0.1' ],
374 silly audit   gopd: [ '1.2.0' ],
374 silly audit   'has-symbols': [ '1.1.0' ],
374 silly audit   hasown: [ '2.0.2' ],
374 silly audit   'math-intrinsics': [ '1.1.0' ],
374 silly audit   'dunder-proto': [ '1.0.1' ],
374 silly audit   'media-typer': [ '1.1.0' ]
374 silly audit }
375 http cache dunder-proto@https://registry.npmjs.org/dunder-proto/-/dunder-proto-1.0.1.tgz 0ms (cache hit)
376 http cache media-typer@https://registry.npmjs.org/media-typer/-/media-typer-1.1.0.tgz 0ms (cache hit)
377 http cache math-intrinsics@https://registry.npmjs.org/math-intrinsics/-/math-intrinsics-1.1.0.tgz 0ms (cache hit)
378 http cache hasown@https://registry.npmjs.org/hasown/-/hasown-2.0.2.tgz 0ms (cache hit)
379 http cache get-proto@https://registry.npmjs.org/get-proto/-/get-proto-1.0.1.tgz 0ms (cache hit)
380 http cache gopd@https://registry.npmjs.org/gopd/-/gopd-1.2.0.tgz 0ms (cache hit)
381 http cache es-object-atoms@https://registry.npmjs.org/es-object-atoms/-/es-object-atoms-1.1.1.tgz 0ms (cache hit)
382 http cache call-bind-apply-helpers@https://registry.npmjs.org/call-bind-apply-helpers/-/call-bind-apply-helpers-1.0.2.tgz 0ms (cache hit)
383 http cache function-bind@https://registry.npmjs.org/function-bind/-/function-bind-1.1.2.tgz 0ms (cache hit)
384 http cache call-bound@https://registry.npmjs.org/call-bound/-/call-bound-1.0.4.tgz 0ms (cache hit)
385 http cache side-channel-map@https://registry.npmjs.org/side-channel-map/-/side-channel-map-1.0.1.tgz 1ms (cache hit)
386 http cache get-intrinsic@https://registry.npmjs.org/get-intrinsic/-/get-intrinsic-1.3.0.tgz 0ms (cache hit)
387 http cache side-channel-weakmap@https://registry.npmjs.org/side-channel-weakmap/-/side-channel-weakmap-1.0.2.tgz 0ms (cache hit)
388 http cache side-channel-list@https://registry.npmjs.org/side-channel-list/-/side-channel-list-1.0.0.tgz 0ms (cache hit)
389 http cache object-inspect@https://registry.npmjs.org/object-inspect/-/object-inspect-1.13.4.tgz 0ms (cache hit)
390 http cache es-define-property@https://registry.npmjs.org/es-define-property/-/es-define-property-1.0.1.tgz 0ms (cache hit)
391 http cache has-symbols@https://registry.npmjs.org/has-symbols/-/has-symbols-1.1.0.tgz 0ms (cache hit)
392 http cache es-errors@https://registry.npmjs.org/es-errors/-/es-errors-1.3.0.tgz 0ms (cache hit)
393 http cache unpipe@https://registry.npmjs.org/unpipe/-/unpipe-1.0.0.tgz 0ms (cache hit)
394 http cache ipaddr.js@https://registry.npmjs.org/ipaddr.js/-/ipaddr.js-1.9.1.tgz 0ms (cache hit)
395 http cache forwarded@https://registry.npmjs.org/forwarded/-/forwarded-0.2.0.tgz 0ms (cache hit)
396 http cache ee-first@https://registry.npmjs.org/ee-first/-/ee-first-1.1.1.tgz 0ms (cache hit)
397 http cache is-promise@https://registry.npmjs.org/is-promise/-/is-promise-4.0.0.tgz 0ms (cache hit)
398 http cache mime-db@https://registry.npmjs.org/mime-db/-/mime-db-1.54.0.tgz 0ms (cache hit)
399 http cache path-to-regexp@https://registry.npmjs.org/path-to-regexp/-/path-to-regexp-8.2.0.tgz 0ms (cache hit)
400 http cache side-channel@https://registry.npmjs.org/side-channel/-/side-channel-1.1.0.tgz 0ms (cache hit)
401 http cache safer-buffer@https://registry.npmjs.org/safer-buffer/-/safer-buffer-2.1.2.tgz 0ms (cache hit)
402 http cache toidentifier@https://registry.npmjs.org/toidentifier/-/toidentifier-1.0.1.tgz 0ms (cache hit)
403 http cache depd@https://registry.npmjs.org/depd/-/depd-2.0.0.tgz 0ms (cache hit)
404 http cache wrappy@https://registry.npmjs.org/wrappy/-/wrappy-1.0.2.tgz 0ms (cache hit)
405 http cache safe-buffer@https://registry.npmjs.org/safe-buffer/-/safe-buffer-5.2.1.tgz 0ms (cache hit)
406 http cache setprototypeof@https://registry.npmjs.org/setprototypeof/-/setprototypeof-1.2.0.tgz 0ms (cache hit)
407 http cache inherits@https://registry.npmjs.org/inherits/-/inherits-2.0.4.tgz 0ms (cache hit)
408 http cache raw-body@https://registry.npmjs.org/raw-body/-/raw-body-3.0.0.tgz 0ms (cache hit)
409 http cache negotiator@https://registry.npmjs.org/negotiator/-/negotiator-1.0.0.tgz 0ms (cache hit)
410 http cache ms@https://registry.npmjs.org/ms/-/ms-2.1.3.tgz 0ms (cache hit)
411 http cache vary@https://registry.npmjs.org/vary/-/vary-1.1.2.tgz 0ms (cache hit)
412 http cache iconv-lite@https://registry.npmjs.org/iconv-lite/-/iconv-lite-0.6.3.tgz 0ms (cache hit)
413 http cache type-is@https://registry.npmjs.org/type-is/-/type-is-2.0.1.tgz 0ms (cache hit)
414 http cache bytes@https://registry.npmjs.org/bytes/-/bytes-3.1.2.tgz 0ms (cache hit)
415 http cache router@https://registry.npmjs.org/router/-/router-2.2.0.tgz 0ms (cache hit)
416 http cache range-parser@https://registry.npmjs.org/range-parser/-/range-parser-1.2.1.tgz 0ms (cache hit)
417 http cache statuses@https://registry.npmjs.org/statuses/-/statuses-2.0.2.tgz 0ms (cache hit)
418 http cache serve-static@https://registry.npmjs.org/serve-static/-/serve-static-2.2.0.tgz 0ms (cache hit)
419 http cache qs@https://registry.npmjs.org/qs/-/qs-6.14.0.tgz 0ms (cache hit)
420 http cache send@https://registry.npmjs.org/send/-/send-1.2.0.tgz 0ms (cache hit)
421 http cache on-finished@https://registry.npmjs.org/on-finished/-/on-finished-2.4.1.tgz 0ms (cache hit)
422 http cache proxy-addr@https://registry.npmjs.org/proxy-addr/-/proxy-addr-2.0.7.tgz 0ms (cache hit)
423 http cache mime-types@https://registry.npmjs.org/mime-types/-/mime-types-3.0.1.tgz 0ms (cache hit)
424 http cache parseurl@https://registry.npmjs.org/parseurl/-/parseurl-1.3.3.tgz 0ms (cache hit)
425 http cache finalhandler@https://registry.npmjs.org/finalhandler/-/finalhandler-2.1.0.tgz 0ms (cache hit)
426 http cache once@https://registry.npmjs.org/once/-/once-1.4.0.tgz 0ms (cache hit)
427 http cache http-errors@https://registry.npmjs.org/http-errors/-/http-errors-2.0.0.tgz 0ms (cache hit)
428 http cache merge-descriptors@https://registry.npmjs.org/merge-descriptors/-/merge-descriptors-2.0.0.tgz 0ms (cache hit)
429 http cache escape-html@https://registry.npmjs.org/escape-html/-/escape-html-1.0.3.tgz 0ms (cache hit)
430 http cache cookie-signature@https://registry.npmjs.org/cookie-signature/-/cookie-signature-1.2.2.tgz 0ms (cache hit)
431 http cache fresh@https://registry.npmjs.org/fresh/-/fresh-2.0.0.tgz 0ms (cache hit)
432 http cache etag@https://registry.npmjs.org/etag/-/etag-1.8.1.tgz 0ms (cache hit)
433 http cache encodeurl@https://registry.npmjs.org/encodeurl/-/encodeurl-2.0.0.tgz 0ms (cache hit)
434 http cache debug@https://registry.npmjs.org/debug/-/debug-4.4.1.tgz 0ms (cache hit)
435 http cache content-disposition@https://registry.npmjs.org/content-disposition/-/content-disposition-1.0.0.tgz 0ms (cache hit)
436 http cache statuses@https://registry.npmjs.org/statuses/-/statuses-2.0.1.tgz 0ms (cache hit)
437 http cache cookie@https://registry.npmjs.org/cookie/-/cookie-0.7.2.tgz 0ms (cache hit)
438 http cache content-type@https://registry.npmjs.org/content-type/-/content-type-1.0.5.tgz 0ms (cache hit)
439 http cache express@https://registry.npmjs.org/express/-/express-5.1.0.tgz 0ms (cache hit)
440 silly tarball no local data for dunder-proto@https://registry.npmjs.org/dunder-proto/-/dunder-proto-1.0.1.tgz. Extracting by manifest.
441 silly tarball no local data for media-typer@https://registry.npmjs.org/media-typer/-/media-typer-1.1.0.tgz. Extracting by manifest.
442 silly tarball no local data for math-intrinsics@https://registry.npmjs.org/math-intrinsics/-/math-intrinsics-1.1.0.tgz. Extracting by manifest.
443 silly tarball no local data for hasown@https://registry.npmjs.org/hasown/-/hasown-2.0.2.tgz. Extracting by manifest.
444 silly tarball no local data for get-proto@https://registry.npmjs.org/get-proto/-/get-proto-1.0.1.tgz. Extracting by manifest.
445 silly tarball no local data for gopd@https://registry.npmjs.org/gopd/-/gopd-1.2.0.tgz. Extracting by manifest.
446 http cache body-parser@https://registry.npmjs.org/body-parser/-/body-parser-2.2.0.tgz 0ms (cache hit)
447 silly tarball no local data for es-object-atoms@https://registry.npmjs.org/es-object-atoms/-/es-object-atoms-1.1.1.tgz. Extracting by manifest.
448 silly tarball no local data for call-bind-apply-helpers@https://registry.npmjs.org/call-bind-apply-helpers/-/call-bind-apply-helpers-1.0.2.tgz. Extracting by manifest.
449 silly tarball no local data for function-bind@https://registry.npmjs.org/function-bind/-/function-bind-1.1.2.tgz. Extracting by manifest.
450 silly tarball no local data for call-bound@https://registry.npmjs.org/call-bound/-/call-bound-1.0.4.tgz. Extracting by manifest.
451 silly tarball no local data for side-channel-map@https://registry.npmjs.org/side-channel-map/-/side-channel-map-1.0.1.tgz. Extracting by manifest.
452 silly tarball no local data for get-intrinsic@https://registry.npmjs.org/get-intrinsic/-/get-intrinsic-1.3.0.tgz. Extracting by manifest.
453 silly tarball no local data for side-channel-weakmap@https://registry.npmjs.org/side-channel-weakmap/-/side-channel-weakmap-1.0.2.tgz. Extracting by manifest.
454 silly tarball no local data for side-channel-list@https://registry.npmjs.org/side-channel-list/-/side-channel-list-1.0.0.tgz. Extracting by manifest.
455 http cache accepts@https://registry.npmjs.org/accepts/-/accepts-2.0.0.tgz 0ms (cache hit)
456 silly tarball no local data for es-define-property@https://registry.npmjs.org/es-define-property/-/es-define-property-1.0.1.tgz. Extracting by manifest.
457 silly tarball no local data for object-inspect@https://registry.npmjs.org/object-inspect/-/object-inspect-1.13.4.tgz. Extracting by manifest.
458 silly tarball no local data for has-symbols@https://registry.npmjs.org/has-symbols/-/has-symbols-1.1.0.tgz. Extracting by manifest.
459 silly tarball no local data for es-errors@https://registry.npmjs.org/es-errors/-/es-errors-1.3.0.tgz. Extracting by manifest.
460 silly tarball no local data for is-promise@https://registry.npmjs.org/is-promise/-/is-promise-4.0.0.tgz. Extracting by manifest.
461 silly tarball no local data for mime-db@https://registry.npmjs.org/mime-db/-/mime-db-1.54.0.tgz. Extracting by manifest.
462 silly tarball no local data for path-to-regexp@https://registry.npmjs.org/path-to-regexp/-/path-to-regexp-8.2.0.tgz. Extracting by manifest.
463 silly tarball no local data for side-channel@https://registry.npmjs.org/side-channel/-/side-channel-1.1.0.tgz. Extracting by manifest.
464 silly tarball no local data for toidentifier@https://registry.npmjs.org/toidentifier/-/toidentifier-1.0.1.tgz. Extracting by manifest.
465 silly tarball no local data for depd@https://registry.npmjs.org/depd/-/depd-2.0.0.tgz. Extracting by manifest.
466 silly tarball no local data for safe-buffer@https://registry.npmjs.org/safe-buffer/-/safe-buffer-5.2.1.tgz. Extracting by manifest.
467 silly tarball no local data for setprototypeof@https://registry.npmjs.org/setprototypeof/-/setprototypeof-1.2.0.tgz. Extracting by manifest.
468 silly tarball no local data for raw-body@https://registry.npmjs.org/raw-body/-/raw-body-3.0.0.tgz. Extracting by manifest.
469 silly tarball no local data for negotiator@https://registry.npmjs.org/negotiator/-/negotiator-1.0.0.tgz. Extracting by manifest.
470 silly tarball no local data for ms@https://registry.npmjs.org/ms/-/ms-2.1.3.tgz. Extracting by manifest.
471 silly tarball no local data for iconv-lite@https://registry.npmjs.org/iconv-lite/-/iconv-lite-0.6.3.tgz. Extracting by manifest.
472 silly tarball no local data for type-is@https://registry.npmjs.org/type-is/-/type-is-2.0.1.tgz. Extracting by manifest.
473 silly tarball no local data for bytes@https://registry.npmjs.org/bytes/-/bytes-3.1.2.tgz. Extracting by manifest.
474 silly tarball no local data for router@https://registry.npmjs.org/router/-/router-2.2.0.tgz. Extracting by manifest.
475 silly tarball no local data for statuses@https://registry.npmjs.org/statuses/-/statuses-2.0.2.tgz. Extracting by manifest.
476 silly tarball no local data for serve-static@https://registry.npmjs.org/serve-static/-/serve-static-2.2.0.tgz. Extracting by manifest.
477 silly tarball no local data for qs@https://registry.npmjs.org/qs/-/qs-6.14.0.tgz. Extracting by manifest.
478 silly tarball no local data for send@https://registry.npmjs.org/send/-/send-1.2.0.tgz. Extracting by manifest.
479 silly tarball no local data for on-finished@https://registry.npmjs.org/on-finished/-/on-finished-2.4.1.tgz. Extracting by manifest.
480 silly tarball no local data for mime-types@https://registry.npmjs.org/mime-types/-/mime-types-3.0.1.tgz. Extracting by manifest.
481 silly tarball no local data for finalhandler@https://registry.npmjs.org/finalhandler/-/finalhandler-2.1.0.tgz. Extracting by manifest.
482 silly tarball no local data for http-errors@https://registry.npmjs.org/http-errors/-/http-errors-2.0.0.tgz. Extracting by manifest.
483 silly tarball no local data for merge-descriptors@https://registry.npmjs.org/merge-descriptors/-/merge-descriptors-2.0.0.tgz. Extracting by manifest.
484 silly tarball no local data for cookie-signature@https://registry.npmjs.org/cookie-signature/-/cookie-signature-1.2.2.tgz. Extracting by manifest.
485 silly tarball no local data for fresh@https://registry.npmjs.org/fresh/-/fresh-2.0.0.tgz. Extracting by manifest.
486 silly tarball no local data for debug@https://registry.npmjs.org/debug/-/debug-4.4.1.tgz. Extracting by manifest.
487 silly tarball no local data for encodeurl@https://registry.npmjs.org/encodeurl/-/encodeurl-2.0.0.tgz. Extracting by manifest.
488 silly tarball no local data for content-disposition@https://registry.npmjs.org/content-disposition/-/content-disposition-1.0.0.tgz. Extracting by manifest.
489 silly tarball no local data for statuses@https://registry.npmjs.org/statuses/-/statuses-2.0.1.tgz. Extracting by manifest.
490 silly tarball no local data for express@https://registry.npmjs.org/express/-/express-5.1.0.tgz. Extracting by manifest.
491 silly tarball no local data for body-parser@https://registry.npmjs.org/body-parser/-/body-parser-2.2.0.tgz. Extracting by manifest.
492 silly tarball no local data for accepts@https://registry.npmjs.org/accepts/-/accepts-2.0.0.tgz. Extracting by manifest.
493 http fetch POST 200 https://registry.npmjs.org/-/npm/v1/security/advisories/bulk 385ms
494 silly audit report {}
495 http fetch GET 200 https://registry.npmjs.org/media-typer/-/media-typer-1.1.0.tgz 2984ms (cache miss)
496 http fetch GET 200 https://registry.npmjs.org/cookie-signature/-/cookie-signature-1.2.2.tgz 2972ms (cache miss)
497 http fetch GET 200 https://registry.npmjs.org/ms/-/ms-2.1.3.tgz 3199ms (cache miss)
498 http fetch GET 200 https://registry.npmjs.org/type-is/-/type-is-2.0.1.tgz 3509ms (cache miss)
499 http fetch GET 200 https://registry.npmjs.org/toidentifier/-/toidentifier-1.0.1.tgz 3519ms (cache miss)
500 http fetch GET 200 https://registry.npmjs.org/encodeurl/-/encodeurl-2.0.0.tgz 3508ms (cache miss)
501 http fetch GET 200 https://registry.npmjs.org/merge-descriptors/-/merge-descriptors-2.0.0.tgz 3512ms (cache miss)
502 http fetch GET 200 https://registry.npmjs.org/http-errors/-/http-errors-2.0.0.tgz 3514ms (cache miss)
503 http fetch GET 200 https://registry.npmjs.org/bytes/-/bytes-3.1.2.tgz 3532ms (cache miss)
504 http fetch GET 200 https://registry.npmjs.org/is-promise/-/is-promise-4.0.0.tgz 3541ms (cache miss)
505 http fetch GET 200 https://registry.npmjs.org/content-disposition/-/content-disposition-1.0.0.tgz 3952ms (cache miss)
506 http fetch GET 200 https://registry.npmjs.org/setprototypeof/-/setprototypeof-1.2.0.tgz 4258ms (cache miss)
507 http fetch GET 200 https://registry.npmjs.org/fresh/-/fresh-2.0.0.tgz 4246ms (cache miss)
508 http fetch GET 200 https://registry.npmjs.org/statuses/-/statuses-2.0.2.tgz 4506ms (cache miss)
509 http fetch GET 200 https://registry.npmjs.org/statuses/-/statuses-2.0.1.tgz 4944ms (cache miss)
510 http fetch GET 200 https://registry.npmjs.org/on-finished/-/on-finished-2.4.1.tgz 5074ms (cache miss)
511 http fetch GET 200 https://registry.npmjs.org/finalhandler/-/finalhandler-2.1.0.tgz 5074ms (cache miss)
512 http fetch GET 200 https://registry.npmjs.org/accepts/-/accepts-2.0.0.tgz 5448ms (cache miss)
513 http fetch GET 200 https://registry.npmjs.org/serve-static/-/serve-static-2.2.0.tgz 5477ms (cache miss)
514 http fetch GET 200 https://registry.npmjs.org/depd/-/depd-2.0.0.tgz 5592ms (cache miss)
515 http fetch GET 200 https://registry.npmjs.org/raw-body/-/raw-body-3.0.0.tgz 5596ms (cache miss)
516 http fetch GET 200 https://registry.npmjs.org/mime-types/-/mime-types-3.0.1.tgz 5591ms (cache miss)
517 http fetch GET 200 https://registry.npmjs.org/safe-buffer/-/safe-buffer-5.2.1.tgz 5714ms (cache miss)
518 http fetch GET 200 https://registry.npmjs.org/hasown/-/hasown-2.0.2.tgz 5803ms (cache miss)
519 http fetch GET 200 https://registry.npmjs.org/negotiator/-/negotiator-1.0.0.tgz 5891ms (cache miss)
520 http fetch GET 200 https://registry.npmjs.org/send/-/send-1.2.0.tgz 5889ms (cache miss)
521 http fetch GET 200 https://registry.npmjs.org/mime-db/-/mime-db-1.54.0.tgz 6159ms (cache miss)
522 http fetch GET 200 https://registry.npmjs.org/path-to-regexp/-/path-to-regexp-8.2.0.tgz 6231ms (cache miss)
523 http fetch GET 200 https://registry.npmjs.org/es-define-property/-/es-define-property-1.0.1.tgz 6249ms (cache miss)
524 http fetch GET 200 https://registry.npmjs.org/side-channel-map/-/side-channel-map-1.0.1.tgz 6300ms (cache miss)
525 http fetch GET 200 https://registry.npmjs.org/side-channel-weakmap/-/side-channel-weakmap-1.0.2.tgz 6393ms (cache miss)
526 http fetch GET 200 https://registry.npmjs.org/gopd/-/gopd-1.2.0.tgz 6400ms (cache miss)
527 http fetch GET 200 https://registry.npmjs.org/function-bind/-/function-bind-1.1.2.tgz 6466ms (cache miss)
528 http fetch GET 200 https://registry.npmjs.org/router/-/router-2.2.0.tgz 6493ms (cache miss)
529 http fetch GET 200 https://registry.npmjs.org/get-intrinsic/-/get-intrinsic-1.3.0.tgz 6580ms (cache miss)
530 http fetch GET 200 https://registry.npmjs.org/call-bound/-/call-bound-1.0.4.tgz 6585ms (cache miss)
531 http fetch GET 200 https://registry.npmjs.org/side-channel/-/side-channel-1.1.0.tgz 6579ms (cache miss)
532 http fetch GET 200 https://registry.npmjs.org/side-channel-list/-/side-channel-list-1.0.0.tgz 6766ms (cache miss)
533 http fetch GET 200 https://registry.npmjs.org/debug/-/debug-4.4.1.tgz 6883ms (cache miss)
534 http fetch GET 200 https://registry.npmjs.org/get-proto/-/get-proto-1.0.1.tgz 7005ms (cache miss)
535 http fetch GET 200 https://registry.npmjs.org/dunder-proto/-/dunder-proto-1.0.1.tgz 7082ms (cache miss)
536 http fetch GET 200 https://registry.npmjs.org/body-parser/-/body-parser-2.2.0.tgz 7082ms (cache miss)
537 http fetch GET 200 https://registry.npmjs.org/es-object-atoms/-/es-object-atoms-1.1.1.tgz 7280ms (cache miss)
538 http fetch GET 200 https://registry.npmjs.org/has-symbols/-/has-symbols-1.1.0.tgz 7399ms (cache miss)
539 http fetch GET 200 https://registry.npmjs.org/call-bind-apply-helpers/-/call-bind-apply-helpers-1.0.2.tgz 7763ms (cache miss)
540 http fetch GET 200 https://registry.npmjs.org/express/-/express-5.1.0.tgz 7841ms (cache miss)
541 http fetch GET 200 https://registry.npmjs.org/es-errors/-/es-errors-1.3.0.tgz 7977ms (cache miss)
542 http fetch GET 200 https://registry.npmjs.org/qs/-/qs-6.14.0.tgz 8366ms (cache miss)
543 http fetch GET 200 https://registry.npmjs.org/math-intrinsics/-/math-intrinsics-1.1.0.tgz 9137ms (cache miss)
544 http fetch GET 200 https://registry.npmjs.org/object-inspect/-/object-inspect-1.13.4.tgz 9283ms (cache miss)
545 http fetch GET 200 https://registry.npmjs.org/iconv-lite/-/iconv-lite-0.6.3.tgz 9506ms (cache miss)
546 silly ADD node_modules/media-typer
547 silly ADD node_modules/dunder-proto
548 silly ADD node_modules/math-intrinsics
549 silly ADD node_modules/hasown
550 silly ADD node_modules/has-symbols
551 silly ADD node_modules/gopd
552 silly ADD node_modules/get-proto
553 silly ADD node_modules/es-object-atoms
554 silly ADD node_modules/es-define-property
555 silly ADD node_modules/function-bind
556 silly ADD node_modules/call-bind-apply-helpers
557 silly ADD node_modules/get-intrinsic
558 silly ADD node_modules/call-bound
559 silly ADD node_modules/side-channel-weakmap
560 silly ADD node_modules/side-channel-map
561 silly ADD node_modules/side-channel-list
562 silly ADD node_modules/object-inspect
563 silly ADD node_modules/es-errors
564 silly ADD node_modules/path-to-regexp
565 silly ADD node_modules/is-promise
566 silly ADD node_modules/unpipe
567 silly ADD node_modules/side-channel
568 silly ADD node_modules/ipaddr.js
569 silly ADD node_modules/forwarded
570 silly ADD node_modules/wrappy
571 silly ADD node_modules/ee-first
572 silly ADD node_modules/mime-db
573 silly ADD node_modules/safer-buffer
574 silly ADD node_modules/toidentifier
575 silly ADD node_modules/setprototypeof
576 silly ADD node_modules/inherits
577 silly ADD node_modules/depd
578 silly ADD node_modules/ms
579 silly ADD node_modules/safe-buffer
580 silly ADD node_modules/raw-body
581 silly ADD node_modules/iconv-lite
582 silly ADD node_modules/bytes
583 silly ADD node_modules/negotiator
584 silly ADD node_modules/vary
585 silly ADD node_modules/type-is
586 silly ADD node_modules/statuses
587 silly ADD node_modules/serve-static
588 silly ADD node_modules/send
589 silly ADD node_modules/router
590 silly ADD node_modules/range-parser
591 silly ADD node_modules/qs
592 silly ADD node_modules/proxy-addr
593 silly ADD node_modules/parseurl
594 silly ADD node_modules/once
595 silly ADD node_modules/on-finished
596 silly ADD node_modules/mime-types
597 silly ADD node_modules/merge-descriptors
598 silly ADD node_modules/http-errors
599 silly ADD node_modules/http-errors/node_modules/statuses
600 silly ADD node_modules/fresh
601 silly ADD node_modules/finalhandler
602 silly ADD node_modules/etag
603 silly ADD node_modules/escape-html
604 silly ADD node_modules/encodeurl
605 silly ADD node_modules/debug
606 silly ADD node_modules/cookie-signature
607 silly ADD node_modules/cookie
608 silly ADD node_modules/content-type
609 silly ADD node_modules/content-disposition
610 silly ADD node_modules/body-parser
611 silly ADD node_modules/accepts
612 silly ADD node_modules/express
613 verbose cwd E:\SmartRif-coffee\back-end
614 verbose os Windows_NT 10.0.26100
615 verbose node v24.5.0
616 verbose npm  v11.5.1
617 verbose exit 0
618 info ok
