0 verbose cli E:\SmartRif-coffee\app\node.exe E:\SmartRif-coffee\app\node_modules\npm\bin\npm-cli.js
1 info using npm@11.5.1
2 info using node@v24.5.0
3 silly config load:file:E:\SmartRif-coffee\app\node_modules\npm\npmrc
4 silly config load:file:E:\SmartRif-coffee\back-end\.npmrc
5 silly config load:file:C:\Users\cvalhoceima\.npmrc
6 silly config load:file:E:\SmartRif-coffee\app\etc\npmrc
7 warn Unknown global config "globalignorefile". This will stop working in the next major version of npm.
8 verbose title npm init
9 verbose argv "init" "--yes"
10 verbose logfile logs-max:10 dir:E:\SmartRif-coffee\cache\_logs\2025-08-06T09_06_55_843Z-
11 verbose logfile E:\SmartRif-coffee\cache\_logs\2025-08-06T09_06_55_843Z-debug-0.log
12 silly logfile done cleaning log files
13 silly package data {
13 silly package data   name: 'back-end',
13 silly package data   version: '1.0.0',
13 silly package data   description: '',
13 silly package data   main: 'index.js',
13 silly package data   scripts: { test: 'echo "Error: no test specified" && exit 1' },
13 silly package data   keywords: [],
13 silly package data   author: '',
13 silly package data   license: 'ISC',
13 silly package data   type: 'commonjs'
13 silly package data }
14 verbose cwd E:\SmartRif-coffee\back-end
15 verbose os Windows_NT 10.0.26100
16 verbose node v24.5.0
17 verbose npm  v11.5.1
18 verbose exit 0
19 info ok
