0 verbose cli E:\SmartRif-coffee\app\node.exe E:\SmartRif-coffee\app\node_modules\npm\bin\npm-cli.js
1 info using npm@11.5.1
2 info using node@v24.5.0
3 silly config load:file:E:\SmartRif-coffee\app\node_modules\npm\npmrc
4 silly config load:file:E:\SmartRif-coffee\back-end\.npmrc
5 silly config load:file:C:\Users\cvalhoceima\.npmrc
6 silly config load:file:E:\SmartRif-coffee\app\etc\npmrc
7 warn Unknown global config "globalignorefile". This will stop working in the next major version of npm.
8 verbose title npm start
9 verbose argv "start"
10 verbose logfile logs-max:10 dir:E:\SmartRif-coffee\cache\_logs\2025-08-18T12_54_35_382Z-
11 verbose logfile E:\SmartRif-coffee\cache\_logs\2025-08-18T12_54_35_382Z-debug-0.log
12 silly logfile start cleaning logs, removing 1 files
13 silly logfile done cleaning log files
14 verbose cwd E:\SmartRif-coffee\back-end
15 verbose os Windows_NT 10.0.26100
16 verbose node v24.5.0
17 verbose npm  v11.5.1
18 verbose exit 1
19 verbose code 1
20 error A complete log of this run can be found in: E:\SmartRif-coffee\cache\_logs\2025-08-18T12_54_35_382Z-debug-0.log
