2025-08-05 18:43:03 INFO - --------
2025-08-05 18:43:03 INFO - Starting Node.js Portable 2.10.0...
2025-08-05 18:43:03 INFO - Current path: E:\SmartRif-coffee
2025-08-05 18:43:37 INFO - >> INSTALL
2025-08-05 18:43:41 INFO - nodejsVersion: 24.5.0
2025-08-05 18:43:42 INFO - nodejsArch: x86
2025-08-05 18:43:42 INFO - Checking Node.js version 24.5.0... 
2025-08-05 18:43:43 ERRO - Version 24.5.0 (x86) does not exist
2025-08-05 18:44:05 INFO - >> SHELL
2025-08-05 18:44:05 INFO - Checking if Node.js installed... 
2025-08-05 18:44:05 ERRO - Not installed...
2025-08-05 18:44:10 INFO - >> INSTALL
2025-08-05 18:44:11 INFO - nodejsVersion: 24.5.0
2025-08-05 18:44:11 INFO - nodejsArch: x86
2025-08-05 18:44:11 INFO - Checking Node.js version 24.5.0... 
2025-08-05 18:44:12 ERRO - Version 24.5.0 (x86) does not exist
2025-08-05 18:44:50 ERRO - Unknown command 'clear'
2025-08-05 18:44:54 ERRO - Unknown command 'clean'
2025-08-05 18:45:54 ERRO - Unknown command 'mkdir'
2025-08-05 18:46:04 ERRO - Unknown command 'cd'
2025-08-05 18:46:17 INFO - --------
2025-08-05 18:46:17 INFO - Starting Node.js Portable 2.10.0...
2025-08-05 18:46:17 INFO - Current path: E:\SmartRif-coffee
2025-08-05 18:46:21 INFO - >> SHELL
2025-08-05 18:46:21 INFO - Checking if Node.js installed... 
2025-08-05 18:46:21 ERRO - Not installed...
2025-08-05 18:46:26 INFO - >> INSTALL
2025-08-05 18:46:28 INFO - nodejsVersion: 24.5.0
2025-08-05 18:46:32 INFO - nodejsArch: 64
2025-08-05 18:46:32 INFO - Checking Node.js version 24.5.0... 
2025-08-05 18:46:33 ERRO - Version 24.5.0 (64) does not exist
2025-08-05 18:46:46 INFO - >> INSTALL
2025-08-05 18:46:46 INFO - nodejsVersion: 24.5.0
2025-08-05 18:46:47 INFO - nodejsArch: x86
2025-08-05 18:46:47 INFO - Checking Node.js version 24.5.0... 
2025-08-05 18:46:47 ERRO - Version 24.5.0 (x86) does not exist
2025-08-05 19:01:51 INFO - >> INSTALL
2025-08-05 19:01:52 INFO - nodejsVersion: 24.5.0
2025-08-05 19:01:56 INFO - nodejsArch: x64
2025-08-05 19:01:56 INFO - Checking Node.js version 24.5.0... 
2025-08-05 19:01:56 INFO - Downloading https://nodejs.org/dist/v24.5.0/node-v24.5.0-win-x64.zip...
2025-08-05 19:02:26 INFO - Extracting node-v24.5.0-win-x64.zip... 
2025-08-05 19:02:30 INFO - Moving nodejs folder... 
2025-08-05 19:03:48 INFO - Creating Node.js configuration... 
2025-08-05 20:10:58 ERRO - Unknown command 'ูุณ'
2025-08-05 20:11:02 ERRO - Unknown command 'ls'
2025-08-05 20:11:13 INFO - >> INSTALL
2025-08-05 20:11:13 ERRO - Node.js is already installed...
2025-08-05 20:11:16 INFO - >> SHELL
2025-08-05 20:11:16 INFO - Checking if Node.js installed... 
2025-08-05 20:11:16 INFO - Creating Node.js configuration... 
2025-08-05 20:11:16 INFO - Checking custom paths...
2025-08-05 20:11:16 INFO - # C:\Program Files (x86)\Git\cmd 
2025-08-05 20:11:16 WARN - Not found...
2025-08-05 20:11:16 INFO - # D:\another_path 
2025-08-05 20:11:16 WARN - Not found...
2025-08-05 20:11:16 INFO - # E:\a_relative_path 
2025-08-05 20:11:16 WARN - Not found...
2025-08-05 20:11:16 INFO - Adding node to PATH... 
2025-08-05 20:11:16 INFO - Setting NODE_PATH... 
2025-08-05 20:11:16 INFO - Creating launch script... 
2025-08-05 20:11:17 INFO - Clearing screen...
2025-08-05 20:11:17 INFO - Starting up the shell... 
2025-08-05 21:17:28 INFO - --------
2025-08-05 21:17:28 INFO - Starting Node.js Portable 2.10.0...
2025-08-05 21:17:28 INFO - Current path: E:\SmartRif-coffee
2025-08-05 21:17:32 INFO - >> SHELL
2025-08-05 21:17:32 INFO - Checking if Node.js installed... 
2025-08-05 21:17:32 INFO - Creating Node.js configuration... 
2025-08-05 21:17:32 INFO - Checking custom paths...
2025-08-05 21:17:32 INFO - # C:\Program Files (x86)\Git\cmd 
2025-08-05 21:17:32 WARN - Not found...
2025-08-05 21:17:32 INFO - # D:\another_path 
2025-08-05 21:17:32 WARN - Not found...
2025-08-05 21:17:32 INFO - # E:\a_relative_path 
2025-08-05 21:17:32 WARN - Not found...
2025-08-05 21:17:32 INFO - Adding node to PATH... 
2025-08-05 21:17:32 INFO - Setting NODE_PATH... 
2025-08-05 21:17:32 INFO - Creating launch script... 
2025-08-05 21:17:33 INFO - Clearing screen...
2025-08-05 21:17:33 INFO - Starting up the shell... 
2025-08-05 23:18:24 INFO - --------
2025-08-05 23:18:24 INFO - Starting Node.js Portable 2.10.0...
2025-08-05 23:18:24 INFO - Current path: E:\SmartRif-coffee
2025-08-05 23:18:26 ERRO - Cannot contact the update server: Get https://raw.githubusercontent.com/crazy-max/nodejs-portable/master/res/latest: net/http: request canceled while waiting for connection (Client.Timeout exceeded while awaiting headers)
2025-08-05 23:18:32 INFO - >> SHELL
2025-08-05 23:18:32 INFO - Checking if Node.js installed... 
2025-08-05 23:18:32 INFO - Creating Node.js configuration... 
2025-08-05 23:18:32 INFO - Checking custom paths...
2025-08-05 23:18:32 INFO - # C:\Program Files (x86)\Git\cmd 
2025-08-05 23:18:32 WARN - Not found...
2025-08-05 23:18:32 INFO - # D:\another_path 
2025-08-05 23:18:32 WARN - Not found...
2025-08-05 23:18:32 INFO - # E:\a_relative_path 
2025-08-05 23:18:32 WARN - Not found...
2025-08-05 23:18:32 INFO - Adding node to PATH... 
2025-08-05 23:18:32 INFO - Setting NODE_PATH... 
2025-08-05 23:18:32 INFO - Creating launch script... 
2025-08-05 23:18:39 INFO - Clearing screen...
2025-08-05 23:18:39 INFO - Starting up the shell... 
2025-08-06 10:04:49 INFO - --------
2025-08-06 10:04:49 INFO - Starting Node.js Portable 2.10.0...
2025-08-06 10:04:49 INFO - Current path: E:\SmartRif-coffee
2025-08-06 10:04:55 INFO - >> SHELL
2025-08-06 10:04:55 INFO - Checking if Node.js installed... 
2025-08-06 10:04:55 INFO - Creating Node.js configuration... 
2025-08-06 10:04:55 INFO - Checking custom paths...
2025-08-06 10:04:55 INFO - # C:\Program Files (x86)\Git\cmd 
2025-08-06 10:04:55 WARN - Not found...
2025-08-06 10:04:55 INFO - # D:\another_path 
2025-08-06 10:04:55 WARN - Not found...
2025-08-06 10:04:55 INFO - # E:\a_relative_path 
2025-08-06 10:04:55 WARN - Not found...
2025-08-06 10:04:55 INFO - Adding node to PATH... 
2025-08-06 10:04:55 INFO - Setting NODE_PATH... 
2025-08-06 10:04:55 INFO - Creating launch script... 
2025-08-06 10:04:56 INFO - Clearing screen...
2025-08-06 10:04:56 INFO - Starting up the shell... 
2025-08-13 21:48:52 INFO - --------
2025-08-13 21:48:52 INFO - Starting Node.js Portable 2.10.0...
2025-08-13 21:48:52 INFO - Current path: E:\SmartRif-coffee
2025-08-13 21:48:54 ERRO - Cannot contact the update server: Get https://raw.githubusercontent.com/crazy-max/nodejs-portable/master/res/latest: net/http: request canceled while waiting for connection (Client.Timeout exceeded while awaiting headers)
2025-08-13 21:48:58 INFO - >> SHELL
2025-08-13 21:48:58 INFO - Checking if Node.js installed... 
2025-08-13 21:48:58 INFO - Creating Node.js configuration... 
2025-08-13 21:48:58 INFO - Checking custom paths...
2025-08-13 21:48:58 INFO - # C:\Program Files (x86)\Git\cmd 
2025-08-13 21:48:58 WARN - Not found...
2025-08-13 21:48:58 INFO - # D:\another_path 
2025-08-13 21:48:58 WARN - Not found...
2025-08-13 21:48:58 INFO - # E:\a_relative_path 
2025-08-13 21:48:58 WARN - Not found...
2025-08-13 21:48:58 INFO - Adding node to PATH... 
2025-08-13 21:48:58 INFO - Setting NODE_PATH... 
2025-08-13 21:48:58 INFO - Creating launch script... 
2025-08-13 21:49:01 INFO - Clearing screen...
2025-08-13 21:49:01 INFO - Starting up the shell... 
2025-08-13 21:52:16 INFO - --------
2025-08-13 21:52:16 INFO - Starting Node.js Portable 2.10.0...
2025-08-13 21:52:16 INFO - Current path: E:\SmartRif-coffee
2025-08-13 21:52:18 ERRO - Cannot contact the update server: Get https://raw.githubusercontent.com/crazy-max/nodejs-portable/master/res/latest: net/http: request canceled (Client.Timeout exceeded while awaiting headers)
2025-08-13 21:52:25 INFO - >> SHELL
2025-08-13 21:52:25 INFO - Checking if Node.js installed... 
2025-08-13 21:52:25 INFO - Creating Node.js configuration... 
2025-08-13 21:52:25 INFO - Checking custom paths...
2025-08-13 21:52:25 INFO - # C:\Program Files (x86)\Git\cmd 
2025-08-13 21:52:25 WARN - Not found...
2025-08-13 21:52:25 INFO - # D:\another_path 
2025-08-13 21:52:25 WARN - Not found...
2025-08-13 21:52:25 INFO - # E:\a_relative_path 
2025-08-13 21:52:25 WARN - Not found...
2025-08-13 21:52:25 INFO - Adding node to PATH... 
2025-08-13 21:52:25 INFO - Setting NODE_PATH... 
2025-08-13 21:52:25 INFO - Creating launch script... 
2025-08-13 21:52:27 INFO - Clearing screen...
2025-08-13 21:52:27 INFO - Starting up the shell... 
2025-08-13 22:02:49 INFO - --------
2025-08-13 22:02:49 INFO - Starting Node.js Portable 2.10.0...
2025-08-13 22:02:49 INFO - Current path: E:\SmartRif-coffee
2025-08-13 22:03:39 INFO - >> SHELL
2025-08-13 22:03:39 INFO - Checking if Node.js installed... 
2025-08-13 22:03:39 INFO - Creating Node.js configuration... 
2025-08-13 22:03:39 INFO - Checking custom paths...
2025-08-13 22:03:39 INFO - # C:\Program Files (x86)\Git\cmd 
2025-08-13 22:03:39 WARN - Not found...
2025-08-13 22:03:39 INFO - # D:\another_path 
2025-08-13 22:03:39 WARN - Not found...
2025-08-13 22:03:39 INFO - # E:\a_relative_path 
2025-08-13 22:03:39 WARN - Not found...
2025-08-13 22:03:39 INFO - Adding node to PATH... 
2025-08-13 22:03:39 INFO - Setting NODE_PATH... 
2025-08-13 22:03:39 INFO - Creating launch script... 
2025-08-13 22:03:40 INFO - Clearing screen...
2025-08-13 22:03:40 INFO - Starting up the shell... 
2025-08-13 22:05:44 INFO - --------
2025-08-13 22:05:44 INFO - Starting Node.js Portable 2.10.0...
2025-08-13 22:05:44 INFO - Current path: E:\SmartRif-coffee
2025-08-13 22:05:46 ERRO - Cannot contact the update server: Get https://raw.githubusercontent.com/crazy-max/nodejs-portable/master/res/latest: net/http: request canceled (Client.Timeout exceeded while awaiting headers)
2025-08-13 22:05:49 INFO - >> SHELL
2025-08-13 22:05:49 INFO - Checking if Node.js installed... 
2025-08-13 22:05:49 INFO - Creating Node.js configuration... 
2025-08-13 22:05:49 INFO - Checking custom paths...
2025-08-13 22:05:49 INFO - # C:\Program Files (x86)\Git\cmd 
2025-08-13 22:05:49 WARN - Not found...
2025-08-13 22:05:49 INFO - # D:\another_path 
2025-08-13 22:05:49 WARN - Not found...
2025-08-13 22:05:49 INFO - # E:\a_relative_path 
2025-08-13 22:05:49 WARN - Not found...
2025-08-13 22:05:49 INFO - Adding node to PATH... 
2025-08-13 22:05:49 INFO - Setting NODE_PATH... 
2025-08-13 22:05:49 INFO - Creating launch script... 
2025-08-13 22:05:50 INFO - Clearing screen...
2025-08-13 22:05:50 INFO - Starting up the shell... 
2025-08-13 22:18:30 INFO - --------
2025-08-13 22:18:30 INFO - Starting Node.js Portable 2.10.0...
2025-08-13 22:18:30 INFO - Current path: E:\SmartRif-coffee
2025-08-13 22:18:32 ERRO - Cannot contact the update server: Get https://raw.githubusercontent.com/crazy-max/nodejs-portable/master/res/latest: net/http: request canceled (Client.Timeout exceeded while awaiting headers)
2025-08-13 22:18:57 ERRO - Unknown command 'node'
2025-08-13 22:19:35 INFO - --------
2025-08-13 22:19:35 INFO - Starting Node.js Portable 2.10.0...
2025-08-13 22:19:35 INFO - Current path: E:\SmartRif-coffee
2025-08-13 22:19:40 INFO - >> SHELL
2025-08-13 22:19:40 INFO - Checking if Node.js installed... 
2025-08-13 22:19:40 INFO - Creating Node.js configuration... 
2025-08-13 22:19:40 INFO - Checking custom paths...
2025-08-13 22:19:40 INFO - # C:\Program Files (x86)\Git\cmd 
2025-08-13 22:19:40 WARN - Not found...
2025-08-13 22:19:40 INFO - # D:\another_path 
2025-08-13 22:19:40 WARN - Not found...
2025-08-13 22:19:40 INFO - # E:\a_relative_path 
2025-08-13 22:19:40 WARN - Not found...
2025-08-13 22:19:40 INFO - Adding node to PATH... 
2025-08-13 22:19:40 INFO - Setting NODE_PATH... 
2025-08-13 22:19:40 INFO - Creating launch script... 
2025-08-13 22:19:43 INFO - Clearing screen...
2025-08-13 22:19:43 INFO - Starting up the shell... 
2025-08-13 22:44:02 INFO - --------
2025-08-13 22:44:02 INFO - Starting Node.js Portable 2.10.0...
2025-08-13 22:44:02 INFO - Current path: E:\SmartRif-coffee
2025-08-13 22:44:04 ERRO - Cannot contact the update server: Get https://raw.githubusercontent.com/crazy-max/nodejs-portable/master/res/latest: net/http: request canceled while waiting for connection (Client.Timeout exceeded while awaiting headers)
2025-08-13 22:44:07 INFO - >> SHELL
2025-08-13 22:44:07 INFO - Checking if Node.js installed... 
2025-08-13 22:44:07 INFO - Creating Node.js configuration... 
2025-08-13 22:44:08 INFO - Checking custom paths...
2025-08-13 22:44:08 INFO - # C:\Program Files (x86)\Git\cmd 
2025-08-13 22:44:08 WARN - Not found...
2025-08-13 22:44:08 INFO - # D:\another_path 
2025-08-13 22:44:08 WARN - Not found...
2025-08-13 22:44:08 INFO - # E:\a_relative_path 
2025-08-13 22:44:08 WARN - Not found...
2025-08-13 22:44:08 INFO - Adding node to PATH... 
2025-08-13 22:44:08 INFO - Setting NODE_PATH... 
2025-08-13 22:44:08 INFO - Creating launch script... 
2025-08-13 22:44:08 INFO - Clearing screen...
2025-08-13 22:44:08 INFO - Starting up the shell... 
2025-08-13 22:53:08 INFO - --------
2025-08-13 22:53:08 INFO - Starting Node.js Portable 2.10.0...
2025-08-13 22:53:08 INFO - Current path: E:\SmartRif-coffee
2025-08-13 22:53:10 ERRO - Cannot contact the update server: Get https://raw.githubusercontent.com/crazy-max/nodejs-portable/master/res/latest: net/http: request canceled while waiting for connection (Client.Timeout exceeded while awaiting headers)
2025-08-13 22:53:11 INFO - >> SHELL
2025-08-13 22:53:11 INFO - Checking if Node.js installed... 
2025-08-13 22:53:11 INFO - Creating Node.js configuration... 
2025-08-13 22:53:11 INFO - Checking custom paths...
2025-08-13 22:53:11 INFO - # C:\Program Files (x86)\Git\cmd 
2025-08-13 22:53:11 WARN - Not found...
2025-08-13 22:53:11 INFO - # D:\another_path 
2025-08-13 22:53:11 WARN - Not found...
2025-08-13 22:53:11 INFO - # E:\a_relative_path 
2025-08-13 22:53:11 WARN - Not found...
2025-08-13 22:53:11 INFO - Adding node to PATH... 
2025-08-13 22:53:11 INFO - Setting NODE_PATH... 
2025-08-13 22:53:11 INFO - Creating launch script... 
2025-08-13 22:53:12 INFO - Clearing screen...
2025-08-13 22:53:12 INFO - Starting up the shell... 
2025-08-14 19:42:17 INFO - --------
2025-08-14 19:42:17 INFO - Starting Node.js Portable 2.10.0...
2025-08-14 19:42:17 INFO - Current path: E:\SmartRif-coffee
2025-08-14 19:42:56 INFO - >> SHELL
2025-08-14 19:42:56 INFO - Checking if Node.js installed... 
2025-08-14 19:42:56 INFO - Creating Node.js configuration... 
2025-08-14 19:42:56 INFO - Checking custom paths...
2025-08-14 19:42:56 INFO - # C:\Program Files (x86)\Git\cmd 
2025-08-14 19:42:56 WARN - Not found...
2025-08-14 19:42:56 INFO - # D:\another_path 
2025-08-14 19:42:56 WARN - Not found...
2025-08-14 19:42:56 INFO - # E:\a_relative_path 
2025-08-14 19:42:56 WARN - Not found...
2025-08-14 19:42:56 INFO - Adding node to PATH... 
2025-08-14 19:42:56 INFO - Setting NODE_PATH... 
2025-08-14 19:42:56 INFO - Creating launch script... 
2025-08-14 19:42:58 INFO - Clearing screen...
2025-08-14 19:42:58 INFO - Starting up the shell... 
2025-08-14 19:44:32 INFO - --------
2025-08-14 19:44:32 INFO - Starting Node.js Portable 2.10.0...
2025-08-14 19:44:32 INFO - Current path: E:\SmartRif-coffee
2025-08-14 19:45:15 INFO - >> SHELL
2025-08-14 19:45:15 INFO - Checking if Node.js installed... 
2025-08-14 19:45:15 INFO - Creating Node.js configuration... 
2025-08-14 19:45:15 INFO - Checking custom paths...
2025-08-14 19:45:15 INFO - # C:\Program Files (x86)\Git\cmd 
2025-08-14 19:45:15 WARN - Not found...
2025-08-14 19:45:15 INFO - # D:\another_path 
2025-08-14 19:45:15 WARN - Not found...
2025-08-14 19:45:15 INFO - # E:\a_relative_path 
2025-08-14 19:45:15 WARN - Not found...
2025-08-14 19:45:15 INFO - Adding node to PATH... 
2025-08-14 19:45:15 INFO - Setting NODE_PATH... 
2025-08-14 19:45:15 INFO - Creating launch script... 
2025-08-14 19:45:16 INFO - Clearing screen...
2025-08-14 19:45:16 INFO - Starting up the shell... 
2025-08-14 21:14:20 INFO - --------
2025-08-14 21:14:20 INFO - Starting Node.js Portable 2.10.0...
2025-08-14 21:14:20 INFO - Current path: E:\SmartRif-coffee
2025-08-14 21:14:22 ERRO - Cannot contact the update server: Get https://raw.githubusercontent.com/crazy-max/nodejs-portable/master/res/latest: net/http: request canceled while waiting for connection (Client.Timeout exceeded while awaiting headers)
2025-08-14 21:14:24 INFO - >> SHELL
2025-08-14 21:14:24 INFO - Checking if Node.js installed... 
2025-08-14 21:14:24 INFO - Creating Node.js configuration... 
2025-08-14 21:14:24 INFO - Checking custom paths...
2025-08-14 21:14:24 INFO - # C:\Program Files (x86)\Git\cmd 
2025-08-14 21:14:24 WARN - Not found...
2025-08-14 21:14:24 INFO - # D:\another_path 
2025-08-14 21:14:24 WARN - Not found...
2025-08-14 21:14:24 INFO - # E:\a_relative_path 
2025-08-14 21:14:24 WARN - Not found...
2025-08-14 21:14:24 INFO - Adding node to PATH... 
2025-08-14 21:14:24 INFO - Setting NODE_PATH... 
2025-08-14 21:14:24 INFO - Creating launch script... 
2025-08-14 21:14:24 INFO - Clearing screen...
2025-08-14 21:14:24 INFO - Starting up the shell... 
2025-08-14 21:28:21 INFO - --------
2025-08-14 21:28:21 INFO - Starting Node.js Portable 2.10.0...
2025-08-14 21:28:21 INFO - Current path: E:\SmartRif-coffee
2025-08-14 21:28:28 INFO - >> SHELL
2025-08-14 21:28:28 INFO - Checking if Node.js installed... 
2025-08-14 21:28:28 INFO - Creating Node.js configuration... 
2025-08-14 21:28:28 INFO - Checking custom paths...
2025-08-14 21:28:28 INFO - # C:\Program Files (x86)\Git\cmd 
2025-08-14 21:28:28 WARN - Not found...
2025-08-14 21:28:28 INFO - # D:\another_path 
2025-08-14 21:28:28 WARN - Not found...
2025-08-14 21:28:28 INFO - # E:\a_relative_path 
2025-08-14 21:28:28 WARN - Not found...
2025-08-14 21:28:28 INFO - Adding node to PATH... 
2025-08-14 21:28:28 INFO - Setting NODE_PATH... 
2025-08-14 21:28:28 INFO - Creating launch script... 
2025-08-14 21:28:29 INFO - Clearing screen...
2025-08-14 21:28:29 INFO - Starting up the shell... 
2025-08-15 18:38:36 INFO - --------
2025-08-15 18:38:36 INFO - Starting Node.js Portable 2.10.0...
2025-08-15 18:38:36 INFO - Current path: E:\SmartRif-coffee
2025-08-15 18:38:36 ERRO - Cannot contact the update server: Get https://raw.githubusercontent.com/crazy-max/nodejs-portable/master/res/latest: dial tcp: lookup raw.githubusercontent.com: no such host
2025-08-15 18:38:39 INFO - >> SHELL
2025-08-15 18:38:39 INFO - Checking if Node.js installed... 
2025-08-15 18:38:39 INFO - Creating Node.js configuration... 
2025-08-15 18:38:40 INFO - Checking custom paths...
2025-08-15 18:38:40 INFO - # C:\Program Files (x86)\Git\cmd 
2025-08-15 18:38:40 WARN - Not found...
2025-08-15 18:38:40 INFO - # D:\another_path 
2025-08-15 18:38:40 WARN - Not found...
2025-08-15 18:38:40 INFO - # E:\a_relative_path 
2025-08-15 18:38:40 WARN - Not found...
2025-08-15 18:38:40 INFO - Adding node to PATH... 
2025-08-15 18:38:40 INFO - Setting NODE_PATH... 
2025-08-15 18:38:40 INFO - Creating launch script... 
2025-08-15 18:38:40 INFO - Clearing screen...
2025-08-15 18:38:40 INFO - Starting up the shell... 
2025-08-15 18:43:13 INFO - --------
2025-08-15 18:43:13 INFO - Starting Node.js Portable 2.10.0...
2025-08-15 18:43:13 INFO - Current path: E:\SmartRif-coffee
2025-08-15 18:43:13 ERRO - Cannot contact the update server: Get https://raw.githubusercontent.com/crazy-max/nodejs-portable/master/res/latest: dial tcp: lookup raw.githubusercontent.com: no such host
2025-08-15 18:43:14 INFO - >> SHELL
2025-08-15 18:43:14 INFO - Checking if Node.js installed... 
2025-08-15 18:43:14 INFO - Creating Node.js configuration... 
2025-08-15 18:43:14 INFO - Checking custom paths...
2025-08-15 18:43:14 INFO - # C:\Program Files (x86)\Git\cmd 
2025-08-15 18:43:14 WARN - Not found...
2025-08-15 18:43:14 INFO - # D:\another_path 
2025-08-15 18:43:14 WARN - Not found...
2025-08-15 18:43:14 INFO - # E:\a_relative_path 
2025-08-15 18:43:14 WARN - Not found...
2025-08-15 18:43:14 INFO - Adding node to PATH... 
2025-08-15 18:43:14 INFO - Setting NODE_PATH... 
2025-08-15 18:43:14 INFO - Creating launch script... 
2025-08-15 18:43:15 INFO - Clearing screen...
2025-08-15 18:43:15 INFO - Starting up the shell... 
